[0.061s] DEBUG:colcon:Command line arguments: ['/usr/bin/colcon', 'build']
[0.061s] DEBUG:colcon:Parsed command line arguments: Namespace(log_base=None, log_level=None, verb_name='build', build_base='build', install_base='install', merge_install=False, symlink_install=False, test_result_base=None, continue_on_error=False, executor='parallel', parallel_workers=24, event_handlers=None, ignore_user_meta=False, metas=['./colcon.meta'], base_paths=['.'], packages_ignore=None, packages_ignore_regex=None, paths=None, packages_up_to=None, packages_up_to_regex=None, packages_above=None, packages_above_and_dependencies=None, packages_above_depth=None, packages_select_by_dep=None, packages_skip_by_dep=None, packages_skip_up_to=None, packages_select_build_failed=False, packages_skip_build_finished=False, packages_select_test_failures=False, packages_skip_test_passed=False, packages_select=None, packages_skip=None, packages_select_regex=None, packages_skip_regex=None, packages_start=None, packages_end=None, allow_overriding=[], cmake_args=None, cmake_target=None, cmake_target_skip_unavailable=False, cmake_clean_cache=False, cmake_clean_first=False, cmake_force_configure=False, ament_cmake_args=None, catkin_cmake_args=None, catkin_skip_building_tests=False, mixin_files=None, mixin=None, verb_parser=<colcon_mixin.mixin.mixin_argument.MixinArgumentDecorator object at 0x736c64168f40>, verb_extension=<colcon_core.verb.build.BuildVerb object at 0x736c640e6440>, main=<bound method BuildVerb.main of <colcon_core.verb.build.BuildVerb object at 0x736c640e6440>>, mixin_verb=('build',))
[0.149s] Level 1:colcon.colcon_core.package_discovery:discover_packages(colcon_meta) check parameters
[0.149s] Level 1:colcon.colcon_core.package_discovery:discover_packages(recursive) check parameters
[0.149s] Level 1:colcon.colcon_core.package_discovery:discover_packages(ignore) check parameters
[0.149s] Level 1:colcon.colcon_core.package_discovery:discover_packages(path) check parameters
[0.149s] Level 1:colcon.colcon_core.package_discovery:discover_packages(colcon_meta) discover
[0.149s] Level 1:colcon.colcon_core.package_discovery:discover_packages(recursive) discover
[0.149s] INFO:colcon.colcon_core.package_discovery:Crawling recursively for packages in '/home/hanmo/workspace/code/esp32_arduino/extra_packages'
[0.149s] Level 1:colcon.colcon_core.package_identification:_identify(.) by extensions ['ignore', 'ignore_ament_install']
[0.149s] Level 1:colcon.colcon_core.package_identification:_identify(.) by extension 'ignore'
[0.149s] Level 1:colcon.colcon_core.package_identification:_identify(.) by extension 'ignore_ament_install'
[0.149s] Level 1:colcon.colcon_core.package_identification:_identify(.) by extensions ['colcon_pkg']
[0.149s] Level 1:colcon.colcon_core.package_identification:_identify(.) by extension 'colcon_pkg'
[0.149s] Level 1:colcon.colcon_core.package_identification:_identify(.) by extensions ['colcon_meta']
[0.149s] Level 1:colcon.colcon_core.package_identification:_identify(.) by extension 'colcon_meta'
[0.149s] Level 1:colcon.colcon_core.package_identification:_identify(.) by extensions ['ros']
[0.149s] Level 1:colcon.colcon_core.package_identification:_identify(.) by extension 'ros'
[0.155s] Level 1:colcon.colcon_core.package_identification:_identify(.) by extensions ['cmake', 'python']
[0.155s] Level 1:colcon.colcon_core.package_identification:_identify(.) by extension 'cmake'
[0.155s] Level 1:colcon.colcon_core.package_identification:_identify(.) by extension 'python'
[0.155s] Level 1:colcon.colcon_core.package_identification:_identify(.) by extensions ['python_setup_py']
[0.155s] Level 1:colcon.colcon_core.package_identification:_identify(.) by extension 'python_setup_py'
[0.156s] Level 1:colcon.colcon_core.package_identification:_identify(build) by extensions ['ignore', 'ignore_ament_install']
[0.156s] Level 1:colcon.colcon_core.package_identification:_identify(build) by extension 'ignore'
[0.156s] Level 1:colcon.colcon_core.package_identification:_identify(build) ignored
[0.156s] Level 1:colcon.colcon_core.package_identification:_identify(install) by extensions ['ignore', 'ignore_ament_install']
[0.156s] Level 1:colcon.colcon_core.package_identification:_identify(install) by extension 'ignore'
[0.156s] Level 1:colcon.colcon_core.package_identification:_identify(install) ignored
[0.156s] Level 1:colcon.colcon_core.package_identification:_identify(log) by extensions ['ignore', 'ignore_ament_install']
[0.156s] Level 1:colcon.colcon_core.package_identification:_identify(log) by extension 'ignore'
[0.156s] Level 1:colcon.colcon_core.package_identification:_identify(log) ignored
[0.156s] Level 1:colcon.colcon_core.package_identification:_identify(multi_sensor_interfaces) by extensions ['ignore', 'ignore_ament_install']
[0.156s] Level 1:colcon.colcon_core.package_identification:_identify(multi_sensor_interfaces) by extension 'ignore'
[0.156s] Level 1:colcon.colcon_core.package_identification:_identify(multi_sensor_interfaces) by extension 'ignore_ament_install'
[0.156s] Level 1:colcon.colcon_core.package_identification:_identify(multi_sensor_interfaces) by extensions ['colcon_pkg']
[0.156s] Level 1:colcon.colcon_core.package_identification:_identify(multi_sensor_interfaces) by extension 'colcon_pkg'
[0.156s] Level 1:colcon.colcon_core.package_identification:_identify(multi_sensor_interfaces) by extensions ['colcon_meta']
[0.156s] Level 1:colcon.colcon_core.package_identification:_identify(multi_sensor_interfaces) by extension 'colcon_meta'
[0.156s] Level 1:colcon.colcon_core.package_identification:_identify(multi_sensor_interfaces) by extensions ['ros']
[0.156s] Level 1:colcon.colcon_core.package_identification:_identify(multi_sensor_interfaces) by extension 'ros'
[0.157s] DEBUG:colcon.colcon_core.package_identification:Package 'multi_sensor_interfaces' with type 'ros.ament_cmake' and name 'multi_sensor_interfaces'
[0.157s] Level 1:colcon.colcon_core.package_discovery:discover_packages(recursive) using defaults
[0.157s] Level 1:colcon.colcon_core.package_discovery:discover_packages(ignore) discover
[0.157s] Level 1:colcon.colcon_core.package_discovery:discover_packages(ignore) using defaults
[0.157s] Level 1:colcon.colcon_core.package_discovery:discover_packages(path) discover
[0.157s] Level 1:colcon.colcon_core.package_discovery:discover_packages(path) using defaults
[0.176s] Level 1:colcon.colcon_core.package_discovery:discover_packages(prefix_path) check parameters
[0.177s] Level 1:colcon.colcon_core.package_discovery:discover_packages(prefix_path) discover
[0.178s] DEBUG:colcon.colcon_installed_package_information.package_discovery:Found 1 installed packages in /home/hanmo/workspace/code/computer_ws/install
[0.178s] DEBUG:colcon.colcon_installed_package_information.package_discovery:Found 19 installed packages in /home/hanmo/workspace/code/dev_ws/install
[0.179s] DEBUG:colcon.colcon_installed_package_information.package_discovery:Found 449 installed packages in /opt/ros/humble
[0.180s] Level 1:colcon.colcon_core.package_discovery:discover_packages(prefix_path) using defaults
[0.208s] Level 5:colcon.colcon_core.verb:set package 'multi_sensor_interfaces' build argument 'cmake_args' from command line to 'None'
[0.208s] Level 5:colcon.colcon_core.verb:set package 'multi_sensor_interfaces' build argument 'cmake_target' from command line to 'None'
[0.208s] Level 5:colcon.colcon_core.verb:set package 'multi_sensor_interfaces' build argument 'cmake_target_skip_unavailable' from command line to 'False'
[0.208s] Level 5:colcon.colcon_core.verb:set package 'multi_sensor_interfaces' build argument 'cmake_clean_cache' from command line to 'False'
[0.208s] Level 5:colcon.colcon_core.verb:set package 'multi_sensor_interfaces' build argument 'cmake_clean_first' from command line to 'False'
[0.208s] Level 5:colcon.colcon_core.verb:set package 'multi_sensor_interfaces' build argument 'cmake_force_configure' from command line to 'False'
[0.208s] Level 5:colcon.colcon_core.verb:set package 'multi_sensor_interfaces' build argument 'ament_cmake_args' from command line to 'None'
[0.208s] Level 5:colcon.colcon_core.verb:set package 'multi_sensor_interfaces' build argument 'catkin_cmake_args' from command line to 'None'
[0.208s] Level 5:colcon.colcon_core.verb:set package 'multi_sensor_interfaces' build argument 'catkin_skip_building_tests' from command line to 'False'
[0.208s] DEBUG:colcon.colcon_core.verb:Building package 'multi_sensor_interfaces' with the following arguments: {'ament_cmake_args': None, 'build_base': '/home/hanmo/workspace/code/esp32_arduino/extra_packages/build/multi_sensor_interfaces', 'catkin_cmake_args': None, 'catkin_skip_building_tests': False, 'cmake_args': None, 'cmake_clean_cache': False, 'cmake_clean_first': False, 'cmake_force_configure': False, 'cmake_target': None, 'cmake_target_skip_unavailable': False, 'install_base': '/home/hanmo/workspace/code/esp32_arduino/extra_packages/install/multi_sensor_interfaces', 'merge_install': False, 'path': '/home/hanmo/workspace/code/esp32_arduino/extra_packages/multi_sensor_interfaces', 'symlink_install': False, 'test_result_base': None}
[0.208s] INFO:colcon.colcon_core.executor:Executing jobs using 'parallel' executor
[0.209s] DEBUG:colcon.colcon_parallel_executor.executor.parallel:run_until_complete
[0.209s] INFO:colcon.colcon_ros.task.ament_cmake.build:Building ROS package in '/home/hanmo/workspace/code/esp32_arduino/extra_packages/multi_sensor_interfaces' with build type 'ament_cmake'
[0.209s] INFO:colcon.colcon_cmake.task.cmake.build:Building CMake package in '/home/hanmo/workspace/code/esp32_arduino/extra_packages/multi_sensor_interfaces'
[0.211s] INFO:colcon.colcon_core.plugin_system:Skipping extension 'colcon_core.shell.bat': Not used on non-Windows systems
[0.211s] INFO:colcon.colcon_core.shell:Skip shell extension 'powershell' for command environment: Not usable outside of PowerShell
[0.211s] DEBUG:colcon.colcon_core.shell:Skip shell extension 'dsv' for command environment
[0.218s] DEBUG:colcon.colcon_core.event_handler.log_command:Invoking command in '/home/hanmo/workspace/code/esp32_arduino/extra_packages/build/multi_sensor_interfaces': CMAKE_PREFIX_PATH=${CMAKE_PREFIX_PATH}:/home/hanmo/workspace/code/dev_ws/install/learning_urdf:/home/hanmo/workspace/code/dev_ws/install/learning_topic:/home/hanmo/workspace/code/dev_ws/install/learning_tf:/home/hanmo/workspace/code/dev_ws/install/learning_service:/home/hanmo/workspace/code/dev_ws/install/learning_qos:/home/hanmo/workspace/code/dev_ws/install/learning_pkg_python:/home/hanmo/workspace/code/dev_ws/install/learning_parameter:/home/hanmo/workspace/code/dev_ws/install/learning_node:/home/hanmo/workspace/code/dev_ws/install/learning_launch:/home/hanmo/workspace/code/dev_ws/install/learning_action:/home/hanmo/workspace/code/dev_ws/install/learning_gazebo:/home/hanmo/workspace/code/dev_ws/install/learning_cv:/opt/ros/humble /usr/bin/cmake /home/hanmo/workspace/code/esp32_arduino/extra_packages/multi_sensor_interfaces -DCMAKE_INSTALL_PREFIX=/home/hanmo/workspace/code/esp32_arduino/extra_packages/install/multi_sensor_interfaces
[0.873s] DEBUG:colcon.colcon_core.event_handler.log_command:Invoked command in '/home/hanmo/workspace/code/esp32_arduino/extra_packages/build/multi_sensor_interfaces' returned '1': CMAKE_PREFIX_PATH=${CMAKE_PREFIX_PATH}:/home/hanmo/workspace/code/dev_ws/install/learning_urdf:/home/hanmo/workspace/code/dev_ws/install/learning_topic:/home/hanmo/workspace/code/dev_ws/install/learning_tf:/home/hanmo/workspace/code/dev_ws/install/learning_service:/home/hanmo/workspace/code/dev_ws/install/learning_qos:/home/hanmo/workspace/code/dev_ws/install/learning_pkg_python:/home/hanmo/workspace/code/dev_ws/install/learning_parameter:/home/hanmo/workspace/code/dev_ws/install/learning_node:/home/hanmo/workspace/code/dev_ws/install/learning_launch:/home/hanmo/workspace/code/dev_ws/install/learning_action:/home/hanmo/workspace/code/dev_ws/install/learning_gazebo:/home/hanmo/workspace/code/dev_ws/install/learning_cv:/opt/ros/humble /usr/bin/cmake /home/hanmo/workspace/code/esp32_arduino/extra_packages/multi_sensor_interfaces -DCMAKE_INSTALL_PREFIX=/home/hanmo/workspace/code/esp32_arduino/extra_packages/install/multi_sensor_interfaces
[0.882s] Level 1:colcon.colcon_core.environment:create_environment_scripts_only(multi_sensor_interfaces)
[0.884s] Level 1:colcon.colcon_core.environment:checking '/home/hanmo/workspace/code/esp32_arduino/extra_packages/install/multi_sensor_interfaces' for CMake module files
[0.884s] Level 1:colcon.colcon_core.environment:checking '/home/hanmo/workspace/code/esp32_arduino/extra_packages/install/multi_sensor_interfaces' for CMake config files
[0.884s] Level 1:colcon.colcon_core.environment:checking '/home/hanmo/workspace/code/esp32_arduino/extra_packages/install/multi_sensor_interfaces/bin'
[0.884s] Level 1:colcon.colcon_core.environment:checking '/home/hanmo/workspace/code/esp32_arduino/extra_packages/install/multi_sensor_interfaces/lib/pkgconfig/multi_sensor_interfaces.pc'
[0.884s] Level 1:colcon.colcon_core.environment:checking '/home/hanmo/workspace/code/esp32_arduino/extra_packages/install/multi_sensor_interfaces/lib/python3.10/site-packages'
[0.884s] Level 1:colcon.colcon_core.environment:checking '/home/hanmo/workspace/code/esp32_arduino/extra_packages/install/multi_sensor_interfaces/bin'
[0.884s] INFO:colcon.colcon_core.shell:Creating package script '/home/hanmo/workspace/code/esp32_arduino/extra_packages/install/multi_sensor_interfaces/share/multi_sensor_interfaces/package.ps1'
[0.885s] INFO:colcon.colcon_core.shell:Creating package descriptor '/home/hanmo/workspace/code/esp32_arduino/extra_packages/install/multi_sensor_interfaces/share/multi_sensor_interfaces/package.dsv'
[0.885s] INFO:colcon.colcon_core.shell:Creating package script '/home/hanmo/workspace/code/esp32_arduino/extra_packages/install/multi_sensor_interfaces/share/multi_sensor_interfaces/package.sh'
[0.885s] INFO:colcon.colcon_core.shell:Creating package script '/home/hanmo/workspace/code/esp32_arduino/extra_packages/install/multi_sensor_interfaces/share/multi_sensor_interfaces/package.bash'
[0.886s] INFO:colcon.colcon_core.shell:Creating package script '/home/hanmo/workspace/code/esp32_arduino/extra_packages/install/multi_sensor_interfaces/share/multi_sensor_interfaces/package.zsh'
[0.886s] Level 1:colcon.colcon_core.environment:create_file_with_runtime_dependencies(/home/hanmo/workspace/code/esp32_arduino/extra_packages/install/multi_sensor_interfaces/share/colcon-core/packages/multi_sensor_interfaces)
[0.896s] DEBUG:colcon.colcon_parallel_executor.executor.parallel:closing loop
[0.896s] DEBUG:colcon.colcon_parallel_executor.executor.parallel:loop closed
[0.897s] DEBUG:colcon.colcon_parallel_executor.executor.parallel:run_until_complete finished with '1'
[0.897s] DEBUG:colcon.colcon_core.event_reactor:joining thread
[0.900s] INFO:colcon.colcon_core.plugin_system:Skipping extension 'colcon_notification.desktop_notification.terminal_notifier': Not used on non-Darwin systems
[0.900s] INFO:colcon.colcon_core.plugin_system:Skipping extension 'colcon_notification.desktop_notification.win32': Not used on non-Windows systems
[0.900s] INFO:colcon.colcon_notification.desktop_notification:Sending desktop notification using 'notify2'
[0.909s] DEBUG:colcon.colcon_core.event_reactor:joined thread
[0.909s] INFO:colcon.colcon_core.shell:Creating prefix script '/home/hanmo/workspace/code/esp32_arduino/extra_packages/install/local_setup.ps1'
[0.909s] INFO:colcon.colcon_core.shell:Creating prefix util module '/home/hanmo/workspace/code/esp32_arduino/extra_packages/install/_local_setup_util_ps1.py'
[0.910s] INFO:colcon.colcon_core.shell:Creating prefix chain script '/home/hanmo/workspace/code/esp32_arduino/extra_packages/install/setup.ps1'
[0.911s] INFO:colcon.colcon_core.shell:Creating prefix script '/home/hanmo/workspace/code/esp32_arduino/extra_packages/install/local_setup.sh'
[0.911s] INFO:colcon.colcon_core.shell:Creating prefix util module '/home/hanmo/workspace/code/esp32_arduino/extra_packages/install/_local_setup_util_sh.py'
[0.911s] INFO:colcon.colcon_core.shell:Creating prefix chain script '/home/hanmo/workspace/code/esp32_arduino/extra_packages/install/setup.sh'
[0.912s] INFO:colcon.colcon_core.shell:Creating prefix script '/home/hanmo/workspace/code/esp32_arduino/extra_packages/install/local_setup.bash'
[0.912s] INFO:colcon.colcon_core.shell:Creating prefix chain script '/home/hanmo/workspace/code/esp32_arduino/extra_packages/install/setup.bash'
[0.913s] INFO:colcon.colcon_core.shell:Creating prefix script '/home/hanmo/workspace/code/esp32_arduino/extra_packages/install/local_setup.zsh'
[0.913s] INFO:colcon.colcon_core.shell:Creating prefix chain script '/home/hanmo/workspace/code/esp32_arduino/extra_packages/install/setup.zsh'
