[0.008s] Invoking command in '/home/hanmo/workspace/code/esp32_arduino/extra_packages/build/multi_sensor_interfaces': CMAKE_PREFIX_PATH=${CMAKE_PREFIX_PATH}:/home/hanmo/workspace/code/dev_ws/install/learning_urdf:/home/hanmo/workspace/code/dev_ws/install/learning_topic:/home/hanmo/workspace/code/dev_ws/install/learning_tf:/home/hanmo/workspace/code/dev_ws/install/learning_service:/home/hanmo/workspace/code/dev_ws/install/learning_qos:/home/hanmo/workspace/code/dev_ws/install/learning_pkg_python:/home/hanmo/workspace/code/dev_ws/install/learning_parameter:/home/hanmo/workspace/code/dev_ws/install/learning_node:/home/hanmo/workspace/code/dev_ws/install/learning_launch:/home/hanmo/workspace/code/dev_ws/install/learning_action:/home/hanmo/workspace/code/dev_ws/install/learning_gazebo:/home/hanmo/workspace/code/dev_ws/install/learning_cv:/opt/ros/humble /usr/bin/cmake --build /home/hanmo/workspace/code/esp32_arduino/extra_packages/build/multi_sensor_interfaces -- -j24 -l24
[0.048s] [  3%] Built target multi_sensor_interfaces__cpp
[0.050s] [ 12%] Built target multi_sensor_interfaces__rosidl_generator_c
[0.055s] [ 12%] Built target ament_cmake_python_copy_multi_sensor_interfaces
[0.060s] [ 22%] Built target multi_sensor_interfaces__rosidl_typesupport_cpp
[0.060s] [ 32%] Built target multi_sensor_interfaces__rosidl_typesupport_introspection_cpp
[0.066s] [ 41%] Built target multi_sensor_interfaces__rosidl_typesupport_introspection_c
[0.068s] [ 51%] Built target multi_sensor_interfaces__rosidl_typesupport_fastrtps_cpp
[0.069s] [ 61%] Built target multi_sensor_interfaces__rosidl_typesupport_c
[0.069s] [ 70%] Built target multi_sensor_interfaces__rosidl_typesupport_fastrtps_c
[0.083s] [ 70%] Built target multi_sensor_interfaces
[0.097s] [ 74%] Built target multi_sensor_interfaces__py
[0.114s] [ 80%] Built target multi_sensor_interfaces__rosidl_generator_py
[0.131s] [ 93%] Built target multi_sensor_interfaces__rosidl_typesupport_introspection_c__pyext
[0.131s] [ 93%] Built target multi_sensor_interfaces__rosidl_typesupport_c__pyext
[0.133s] [100%] Built target multi_sensor_interfaces__rosidl_typesupport_fastrtps_c__pyext
[0.195s] running egg_info
[0.195s] writing multi_sensor_interfaces.egg-info/PKG-INFO
[0.195s] writing dependency_links to multi_sensor_interfaces.egg-info/dependency_links.txt
[0.195s] writing top-level names to multi_sensor_interfaces.egg-info/top_level.txt
[0.197s] reading manifest file 'multi_sensor_interfaces.egg-info/SOURCES.txt'
[0.197s] writing manifest file 'multi_sensor_interfaces.egg-info/SOURCES.txt'
[0.213s] [100%] Built target ament_cmake_python_build_multi_sensor_interfaces_egg
[0.221s] Invoked command in '/home/hanmo/workspace/code/esp32_arduino/extra_packages/build/multi_sensor_interfaces' returned '0': CMAKE_PREFIX_PATH=${CMAKE_PREFIX_PATH}:/home/hanmo/workspace/code/dev_ws/install/learning_urdf:/home/hanmo/workspace/code/dev_ws/install/learning_topic:/home/hanmo/workspace/code/dev_ws/install/learning_tf:/home/hanmo/workspace/code/dev_ws/install/learning_service:/home/hanmo/workspace/code/dev_ws/install/learning_qos:/home/hanmo/workspace/code/dev_ws/install/learning_pkg_python:/home/hanmo/workspace/code/dev_ws/install/learning_parameter:/home/hanmo/workspace/code/dev_ws/install/learning_node:/home/hanmo/workspace/code/dev_ws/install/learning_launch:/home/hanmo/workspace/code/dev_ws/install/learning_action:/home/hanmo/workspace/code/dev_ws/install/learning_gazebo:/home/hanmo/workspace/code/dev_ws/install/learning_cv:/opt/ros/humble /usr/bin/cmake --build /home/hanmo/workspace/code/esp32_arduino/extra_packages/build/multi_sensor_interfaces -- -j24 -l24
[0.227s] Invoking command in '/home/hanmo/workspace/code/esp32_arduino/extra_packages/build/multi_sensor_interfaces': CMAKE_PREFIX_PATH=${CMAKE_PREFIX_PATH}:/home/hanmo/workspace/code/dev_ws/install/learning_urdf:/home/hanmo/workspace/code/dev_ws/install/learning_topic:/home/hanmo/workspace/code/dev_ws/install/learning_tf:/home/hanmo/workspace/code/dev_ws/install/learning_service:/home/hanmo/workspace/code/dev_ws/install/learning_qos:/home/hanmo/workspace/code/dev_ws/install/learning_pkg_python:/home/hanmo/workspace/code/dev_ws/install/learning_parameter:/home/hanmo/workspace/code/dev_ws/install/learning_node:/home/hanmo/workspace/code/dev_ws/install/learning_launch:/home/hanmo/workspace/code/dev_ws/install/learning_action:/home/hanmo/workspace/code/dev_ws/install/learning_gazebo:/home/hanmo/workspace/code/dev_ws/install/learning_cv:/opt/ros/humble /usr/bin/cmake --install /home/hanmo/workspace/code/esp32_arduino/extra_packages/build/multi_sensor_interfaces
[0.234s] -- Install configuration: ""
[0.234s] -- Up-to-date: /home/hanmo/workspace/code/esp32_arduino/extra_packages/install/multi_sensor_interfaces/share/ament_index/resource_index/rosidl_interfaces/multi_sensor_interfaces
[0.234s] -- Up-to-date: /home/hanmo/workspace/code/esp32_arduino/extra_packages/install/multi_sensor_interfaces/include/multi_sensor_interfaces/multi_sensor_interfaces
[0.234s] -- Up-to-date: /home/hanmo/workspace/code/esp32_arduino/extra_packages/install/multi_sensor_interfaces/include/multi_sensor_interfaces/multi_sensor_interfaces/srv
[0.234s] -- Up-to-date: /home/hanmo/workspace/code/esp32_arduino/extra_packages/install/multi_sensor_interfaces/include/multi_sensor_interfaces/multi_sensor_interfaces/srv/detail
[0.234s] -- Up-to-date: /home/hanmo/workspace/code/esp32_arduino/extra_packages/install/multi_sensor_interfaces/include/multi_sensor_interfaces/multi_sensor_interfaces/srv/detail/multisensor__type_support.h
[0.234s] -- Up-to-date: /home/hanmo/workspace/code/esp32_arduino/extra_packages/install/multi_sensor_interfaces/include/multi_sensor_interfaces/multi_sensor_interfaces/srv/detail/multisensor__functions.h
[0.234s] -- Up-to-date: /home/hanmo/workspace/code/esp32_arduino/extra_packages/install/multi_sensor_interfaces/include/multi_sensor_interfaces/multi_sensor_interfaces/srv/detail/multisensor__functions.c
[0.234s] -- Up-to-date: /home/hanmo/workspace/code/esp32_arduino/extra_packages/install/multi_sensor_interfaces/include/multi_sensor_interfaces/multi_sensor_interfaces/srv/detail/multisensor__struct.h
[0.234s] -- Up-to-date: /home/hanmo/workspace/code/esp32_arduino/extra_packages/install/multi_sensor_interfaces/include/multi_sensor_interfaces/multi_sensor_interfaces/srv/multisensor.h
[0.234s] -- Up-to-date: /home/hanmo/workspace/code/esp32_arduino/extra_packages/install/multi_sensor_interfaces/include/multi_sensor_interfaces/multi_sensor_interfaces/msg
[0.235s] -- Up-to-date: /home/hanmo/workspace/code/esp32_arduino/extra_packages/install/multi_sensor_interfaces/include/multi_sensor_interfaces/multi_sensor_interfaces/msg/rosidl_generator_c__visibility_control.h
[0.235s] -- Up-to-date: /home/hanmo/workspace/code/esp32_arduino/extra_packages/install/multi_sensor_interfaces/share/multi_sensor_interfaces/environment/library_path.sh
[0.235s] -- Up-to-date: /home/hanmo/workspace/code/esp32_arduino/extra_packages/install/multi_sensor_interfaces/share/multi_sensor_interfaces/environment/library_path.dsv
[0.235s] -- Up-to-date: /home/hanmo/workspace/code/esp32_arduino/extra_packages/install/multi_sensor_interfaces/lib/libmulti_sensor_interfaces__rosidl_generator_c.so
[0.235s] -- Up-to-date: /home/hanmo/workspace/code/esp32_arduino/extra_packages/install/multi_sensor_interfaces/include/multi_sensor_interfaces/multi_sensor_interfaces
[0.235s] -- Up-to-date: /home/hanmo/workspace/code/esp32_arduino/extra_packages/install/multi_sensor_interfaces/include/multi_sensor_interfaces/multi_sensor_interfaces/srv
[0.235s] -- Up-to-date: /home/hanmo/workspace/code/esp32_arduino/extra_packages/install/multi_sensor_interfaces/include/multi_sensor_interfaces/multi_sensor_interfaces/srv/detail
[0.235s] -- Up-to-date: /home/hanmo/workspace/code/esp32_arduino/extra_packages/install/multi_sensor_interfaces/include/multi_sensor_interfaces/multi_sensor_interfaces/srv/detail/multisensor__rosidl_typesupport_fastrtps_c.h
[0.235s] -- Up-to-date: /home/hanmo/workspace/code/esp32_arduino/extra_packages/install/multi_sensor_interfaces/include/multi_sensor_interfaces/multi_sensor_interfaces/msg
[0.235s] -- Up-to-date: /home/hanmo/workspace/code/esp32_arduino/extra_packages/install/multi_sensor_interfaces/include/multi_sensor_interfaces/multi_sensor_interfaces/msg/rosidl_typesupport_fastrtps_c__visibility_control.h
[0.235s] -- Up-to-date: /home/hanmo/workspace/code/esp32_arduino/extra_packages/install/multi_sensor_interfaces/lib/libmulti_sensor_interfaces__rosidl_typesupport_fastrtps_c.so
[0.235s] -- Up-to-date: /home/hanmo/workspace/code/esp32_arduino/extra_packages/install/multi_sensor_interfaces/include/multi_sensor_interfaces/multi_sensor_interfaces
[0.235s] -- Up-to-date: /home/hanmo/workspace/code/esp32_arduino/extra_packages/install/multi_sensor_interfaces/include/multi_sensor_interfaces/multi_sensor_interfaces/srv
[0.235s] -- Up-to-date: /home/hanmo/workspace/code/esp32_arduino/extra_packages/install/multi_sensor_interfaces/include/multi_sensor_interfaces/multi_sensor_interfaces/srv/detail
[0.235s] -- Up-to-date: /home/hanmo/workspace/code/esp32_arduino/extra_packages/install/multi_sensor_interfaces/include/multi_sensor_interfaces/multi_sensor_interfaces/srv/detail/multisensor__type_support.c
[0.235s] -- Up-to-date: /home/hanmo/workspace/code/esp32_arduino/extra_packages/install/multi_sensor_interfaces/include/multi_sensor_interfaces/multi_sensor_interfaces/srv/detail/multisensor__rosidl_typesupport_introspection_c.h
[0.235s] -- Up-to-date: /home/hanmo/workspace/code/esp32_arduino/extra_packages/install/multi_sensor_interfaces/include/multi_sensor_interfaces/multi_sensor_interfaces/msg
[0.235s] -- Up-to-date: /home/hanmo/workspace/code/esp32_arduino/extra_packages/install/multi_sensor_interfaces/include/multi_sensor_interfaces/multi_sensor_interfaces/msg/rosidl_typesupport_introspection_c__visibility_control.h
[0.235s] -- Up-to-date: /home/hanmo/workspace/code/esp32_arduino/extra_packages/install/multi_sensor_interfaces/lib/libmulti_sensor_interfaces__rosidl_typesupport_introspection_c.so
[0.235s] -- Up-to-date: /home/hanmo/workspace/code/esp32_arduino/extra_packages/install/multi_sensor_interfaces/lib/libmulti_sensor_interfaces__rosidl_typesupport_c.so
[0.235s] -- Up-to-date: /home/hanmo/workspace/code/esp32_arduino/extra_packages/install/multi_sensor_interfaces/include/multi_sensor_interfaces/multi_sensor_interfaces
[0.235s] -- Up-to-date: /home/hanmo/workspace/code/esp32_arduino/extra_packages/install/multi_sensor_interfaces/include/multi_sensor_interfaces/multi_sensor_interfaces/srv
[0.235s] -- Up-to-date: /home/hanmo/workspace/code/esp32_arduino/extra_packages/install/multi_sensor_interfaces/include/multi_sensor_interfaces/multi_sensor_interfaces/srv/multisensor.hpp
[0.235s] -- Up-to-date: /home/hanmo/workspace/code/esp32_arduino/extra_packages/install/multi_sensor_interfaces/include/multi_sensor_interfaces/multi_sensor_interfaces/srv/detail
[0.235s] -- Up-to-date: /home/hanmo/workspace/code/esp32_arduino/extra_packages/install/multi_sensor_interfaces/include/multi_sensor_interfaces/multi_sensor_interfaces/srv/detail/multisensor__struct.hpp
[0.235s] -- Up-to-date: /home/hanmo/workspace/code/esp32_arduino/extra_packages/install/multi_sensor_interfaces/include/multi_sensor_interfaces/multi_sensor_interfaces/srv/detail/multisensor__type_support.hpp
[0.235s] -- Up-to-date: /home/hanmo/workspace/code/esp32_arduino/extra_packages/install/multi_sensor_interfaces/include/multi_sensor_interfaces/multi_sensor_interfaces/srv/detail/multisensor__traits.hpp
[0.235s] -- Up-to-date: /home/hanmo/workspace/code/esp32_arduino/extra_packages/install/multi_sensor_interfaces/include/multi_sensor_interfaces/multi_sensor_interfaces/srv/detail/multisensor__builder.hpp
[0.235s] -- Up-to-date: /home/hanmo/workspace/code/esp32_arduino/extra_packages/install/multi_sensor_interfaces/include/multi_sensor_interfaces/multi_sensor_interfaces/msg
[0.235s] -- Up-to-date: /home/hanmo/workspace/code/esp32_arduino/extra_packages/install/multi_sensor_interfaces/include/multi_sensor_interfaces/multi_sensor_interfaces/msg/rosidl_generator_cpp__visibility_control.hpp
[0.236s] -- Up-to-date: /home/hanmo/workspace/code/esp32_arduino/extra_packages/install/multi_sensor_interfaces/include/multi_sensor_interfaces/multi_sensor_interfaces
[0.236s] -- Up-to-date: /home/hanmo/workspace/code/esp32_arduino/extra_packages/install/multi_sensor_interfaces/include/multi_sensor_interfaces/multi_sensor_interfaces/srv
[0.236s] -- Up-to-date: /home/hanmo/workspace/code/esp32_arduino/extra_packages/install/multi_sensor_interfaces/include/multi_sensor_interfaces/multi_sensor_interfaces/srv/detail
[0.236s] -- Up-to-date: /home/hanmo/workspace/code/esp32_arduino/extra_packages/install/multi_sensor_interfaces/include/multi_sensor_interfaces/multi_sensor_interfaces/srv/detail/dds_fastrtps
[0.236s] -- Up-to-date: /home/hanmo/workspace/code/esp32_arduino/extra_packages/install/multi_sensor_interfaces/include/multi_sensor_interfaces/multi_sensor_interfaces/srv/detail/multisensor__rosidl_typesupport_fastrtps_cpp.hpp
[0.236s] -- Up-to-date: /home/hanmo/workspace/code/esp32_arduino/extra_packages/install/multi_sensor_interfaces/include/multi_sensor_interfaces/multi_sensor_interfaces/msg
[0.236s] -- Up-to-date: /home/hanmo/workspace/code/esp32_arduino/extra_packages/install/multi_sensor_interfaces/include/multi_sensor_interfaces/multi_sensor_interfaces/msg/rosidl_typesupport_fastrtps_cpp__visibility_control.h
[0.236s] -- Up-to-date: /home/hanmo/workspace/code/esp32_arduino/extra_packages/install/multi_sensor_interfaces/lib/libmulti_sensor_interfaces__rosidl_typesupport_fastrtps_cpp.so
[0.236s] -- Up-to-date: /home/hanmo/workspace/code/esp32_arduino/extra_packages/install/multi_sensor_interfaces/include/multi_sensor_interfaces/multi_sensor_interfaces
[0.236s] -- Up-to-date: /home/hanmo/workspace/code/esp32_arduino/extra_packages/install/multi_sensor_interfaces/include/multi_sensor_interfaces/multi_sensor_interfaces/srv
[0.236s] -- Up-to-date: /home/hanmo/workspace/code/esp32_arduino/extra_packages/install/multi_sensor_interfaces/include/multi_sensor_interfaces/multi_sensor_interfaces/srv/detail
[0.236s] -- Up-to-date: /home/hanmo/workspace/code/esp32_arduino/extra_packages/install/multi_sensor_interfaces/include/multi_sensor_interfaces/multi_sensor_interfaces/srv/detail/multisensor__rosidl_typesupport_introspection_cpp.hpp
[0.236s] -- Up-to-date: /home/hanmo/workspace/code/esp32_arduino/extra_packages/install/multi_sensor_interfaces/include/multi_sensor_interfaces/multi_sensor_interfaces/srv/detail/multisensor__type_support.cpp
[0.236s] -- Up-to-date: /home/hanmo/workspace/code/esp32_arduino/extra_packages/install/multi_sensor_interfaces/lib/libmulti_sensor_interfaces__rosidl_typesupport_introspection_cpp.so
[0.236s] -- Up-to-date: /home/hanmo/workspace/code/esp32_arduino/extra_packages/install/multi_sensor_interfaces/lib/libmulti_sensor_interfaces__rosidl_typesupport_cpp.so
[0.236s] -- Up-to-date: /home/hanmo/workspace/code/esp32_arduino/extra_packages/install/multi_sensor_interfaces/share/multi_sensor_interfaces/environment/pythonpath.sh
[0.236s] -- Up-to-date: /home/hanmo/workspace/code/esp32_arduino/extra_packages/install/multi_sensor_interfaces/share/multi_sensor_interfaces/environment/pythonpath.dsv
[0.236s] -- Up-to-date: /home/hanmo/workspace/code/esp32_arduino/extra_packages/install/multi_sensor_interfaces/local/lib/python3.10/dist-packages/multi_sensor_interfaces-0.0.0-py3.10.egg-info
[0.236s] -- Installing: /home/hanmo/workspace/code/esp32_arduino/extra_packages/install/multi_sensor_interfaces/local/lib/python3.10/dist-packages/multi_sensor_interfaces-0.0.0-py3.10.egg-info/SOURCES.txt
[0.236s] -- Installing: /home/hanmo/workspace/code/esp32_arduino/extra_packages/install/multi_sensor_interfaces/local/lib/python3.10/dist-packages/multi_sensor_interfaces-0.0.0-py3.10.egg-info/dependency_links.txt
[0.236s] -- Installing: /home/hanmo/workspace/code/esp32_arduino/extra_packages/install/multi_sensor_interfaces/local/lib/python3.10/dist-packages/multi_sensor_interfaces-0.0.0-py3.10.egg-info/top_level.txt
[0.236s] -- Installing: /home/hanmo/workspace/code/esp32_arduino/extra_packages/install/multi_sensor_interfaces/local/lib/python3.10/dist-packages/multi_sensor_interfaces-0.0.0-py3.10.egg-info/PKG-INFO
[0.236s] -- Up-to-date: /home/hanmo/workspace/code/esp32_arduino/extra_packages/install/multi_sensor_interfaces/local/lib/python3.10/dist-packages/multi_sensor_interfaces
[0.236s] -- Up-to-date: /home/hanmo/workspace/code/esp32_arduino/extra_packages/install/multi_sensor_interfaces/local/lib/python3.10/dist-packages/multi_sensor_interfaces/__init__.py
[0.236s] -- Up-to-date: /home/hanmo/workspace/code/esp32_arduino/extra_packages/install/multi_sensor_interfaces/local/lib/python3.10/dist-packages/multi_sensor_interfaces/libmulti_sensor_interfaces__rosidl_generator_py.so
[0.236s] -- Up-to-date: /home/hanmo/workspace/code/esp32_arduino/extra_packages/install/multi_sensor_interfaces/local/lib/python3.10/dist-packages/multi_sensor_interfaces/_multi_sensor_interfaces_s.ep.rosidl_typesupport_fastrtps_c.c
[0.236s] -- Up-to-date: /home/hanmo/workspace/code/esp32_arduino/extra_packages/install/multi_sensor_interfaces/local/lib/python3.10/dist-packages/multi_sensor_interfaces/srv
[0.236s] -- Up-to-date: /home/hanmo/workspace/code/esp32_arduino/extra_packages/install/multi_sensor_interfaces/local/lib/python3.10/dist-packages/multi_sensor_interfaces/srv/__init__.py
[0.236s] -- Up-to-date: /home/hanmo/workspace/code/esp32_arduino/extra_packages/install/multi_sensor_interfaces/local/lib/python3.10/dist-packages/multi_sensor_interfaces/srv/_multisensor_s.c
[0.236s] -- Up-to-date: /home/hanmo/workspace/code/esp32_arduino/extra_packages/install/multi_sensor_interfaces/local/lib/python3.10/dist-packages/multi_sensor_interfaces/srv/_multisensor.py
[0.236s] -- Up-to-date: /home/hanmo/workspace/code/esp32_arduino/extra_packages/install/multi_sensor_interfaces/local/lib/python3.10/dist-packages/multi_sensor_interfaces/multi_sensor_interfaces_s__rosidl_typesupport_introspection_c.cpython-310-x86_64-linux-gnu.so
[0.236s] -- Up-to-date: /home/hanmo/workspace/code/esp32_arduino/extra_packages/install/multi_sensor_interfaces/local/lib/python3.10/dist-packages/multi_sensor_interfaces/multi_sensor_interfaces_s__rosidl_typesupport_c.cpython-310-x86_64-linux-gnu.so
[0.236s] -- Up-to-date: /home/hanmo/workspace/code/esp32_arduino/extra_packages/install/multi_sensor_interfaces/local/lib/python3.10/dist-packages/multi_sensor_interfaces/_multi_sensor_interfaces_s.ep.rosidl_typesupport_c.c
[0.236s] -- Up-to-date: /home/hanmo/workspace/code/esp32_arduino/extra_packages/install/multi_sensor_interfaces/local/lib/python3.10/dist-packages/multi_sensor_interfaces/multi_sensor_interfaces_s__rosidl_typesupport_fastrtps_c.cpython-310-x86_64-linux-gnu.so
[0.236s] -- Up-to-date: /home/hanmo/workspace/code/esp32_arduino/extra_packages/install/multi_sensor_interfaces/local/lib/python3.10/dist-packages/multi_sensor_interfaces/_multi_sensor_interfaces_s.ep.rosidl_typesupport_introspection_c.c
[0.262s] Listing '/home/hanmo/workspace/code/esp32_arduino/extra_packages/install/multi_sensor_interfaces/local/lib/python3.10/dist-packages/multi_sensor_interfaces'...
[0.262s] Listing '/home/hanmo/workspace/code/esp32_arduino/extra_packages/install/multi_sensor_interfaces/local/lib/python3.10/dist-packages/multi_sensor_interfaces/srv'...
[0.264s] -- Up-to-date: /home/hanmo/workspace/code/esp32_arduino/extra_packages/install/multi_sensor_interfaces/local/lib/python3.10/dist-packages/multi_sensor_interfaces/multi_sensor_interfaces_s__rosidl_typesupport_fastrtps_c.cpython-310-x86_64-linux-gnu.so
[0.264s] -- Up-to-date: /home/hanmo/workspace/code/esp32_arduino/extra_packages/install/multi_sensor_interfaces/local/lib/python3.10/dist-packages/multi_sensor_interfaces/multi_sensor_interfaces_s__rosidl_typesupport_introspection_c.cpython-310-x86_64-linux-gnu.so
[0.264s] -- Up-to-date: /home/hanmo/workspace/code/esp32_arduino/extra_packages/install/multi_sensor_interfaces/local/lib/python3.10/dist-packages/multi_sensor_interfaces/multi_sensor_interfaces_s__rosidl_typesupport_c.cpython-310-x86_64-linux-gnu.so
[0.265s] -- Up-to-date: /home/hanmo/workspace/code/esp32_arduino/extra_packages/install/multi_sensor_interfaces/lib/libmulti_sensor_interfaces__rosidl_generator_py.so
[0.265s] -- Up-to-date: /home/hanmo/workspace/code/esp32_arduino/extra_packages/install/multi_sensor_interfaces/share/multi_sensor_interfaces/srv/Multisensor.idl
[0.265s] -- Up-to-date: /home/hanmo/workspace/code/esp32_arduino/extra_packages/install/multi_sensor_interfaces/share/multi_sensor_interfaces/srv/Multisensor.srv
[0.265s] -- Up-to-date: /home/hanmo/workspace/code/esp32_arduino/extra_packages/install/multi_sensor_interfaces/share/multi_sensor_interfaces/srv/Multisensor_Request.msg
[0.265s] -- Up-to-date: /home/hanmo/workspace/code/esp32_arduino/extra_packages/install/multi_sensor_interfaces/share/multi_sensor_interfaces/srv/Multisensor_Response.msg
[0.265s] -- Up-to-date: /home/hanmo/workspace/code/esp32_arduino/extra_packages/install/multi_sensor_interfaces/share/ament_index/resource_index/package_run_dependencies/multi_sensor_interfaces
[0.265s] -- Up-to-date: /home/hanmo/workspace/code/esp32_arduino/extra_packages/install/multi_sensor_interfaces/share/ament_index/resource_index/parent_prefix_path/multi_sensor_interfaces
[0.265s] -- Up-to-date: /home/hanmo/workspace/code/esp32_arduino/extra_packages/install/multi_sensor_interfaces/share/multi_sensor_interfaces/environment/ament_prefix_path.sh
[0.265s] -- Up-to-date: /home/hanmo/workspace/code/esp32_arduino/extra_packages/install/multi_sensor_interfaces/share/multi_sensor_interfaces/environment/ament_prefix_path.dsv
[0.265s] -- Up-to-date: /home/hanmo/workspace/code/esp32_arduino/extra_packages/install/multi_sensor_interfaces/share/multi_sensor_interfaces/environment/path.sh
[0.265s] -- Up-to-date: /home/hanmo/workspace/code/esp32_arduino/extra_packages/install/multi_sensor_interfaces/share/multi_sensor_interfaces/environment/path.dsv
[0.265s] -- Up-to-date: /home/hanmo/workspace/code/esp32_arduino/extra_packages/install/multi_sensor_interfaces/share/multi_sensor_interfaces/local_setup.bash
[0.265s] -- Up-to-date: /home/hanmo/workspace/code/esp32_arduino/extra_packages/install/multi_sensor_interfaces/share/multi_sensor_interfaces/local_setup.sh
[0.265s] -- Up-to-date: /home/hanmo/workspace/code/esp32_arduino/extra_packages/install/multi_sensor_interfaces/share/multi_sensor_interfaces/local_setup.zsh
[0.265s] -- Up-to-date: /home/hanmo/workspace/code/esp32_arduino/extra_packages/install/multi_sensor_interfaces/share/multi_sensor_interfaces/local_setup.dsv
[0.265s] -- Up-to-date: /home/hanmo/workspace/code/esp32_arduino/extra_packages/install/multi_sensor_interfaces/share/multi_sensor_interfaces/package.dsv
[0.265s] -- Up-to-date: /home/hanmo/workspace/code/esp32_arduino/extra_packages/install/multi_sensor_interfaces/share/ament_index/resource_index/packages/multi_sensor_interfaces
[0.265s] -- Up-to-date: /home/hanmo/workspace/code/esp32_arduino/extra_packages/install/multi_sensor_interfaces/share/multi_sensor_interfaces/cmake/export_multi_sensor_interfaces__rosidl_generator_cExport.cmake
[0.265s] -- Up-to-date: /home/hanmo/workspace/code/esp32_arduino/extra_packages/install/multi_sensor_interfaces/share/multi_sensor_interfaces/cmake/export_multi_sensor_interfaces__rosidl_generator_cExport-noconfig.cmake
[0.265s] -- Up-to-date: /home/hanmo/workspace/code/esp32_arduino/extra_packages/install/multi_sensor_interfaces/share/multi_sensor_interfaces/cmake/export_multi_sensor_interfaces__rosidl_typesupport_fastrtps_cExport.cmake
[0.265s] -- Up-to-date: /home/hanmo/workspace/code/esp32_arduino/extra_packages/install/multi_sensor_interfaces/share/multi_sensor_interfaces/cmake/export_multi_sensor_interfaces__rosidl_typesupport_fastrtps_cExport-noconfig.cmake
[0.265s] -- Up-to-date: /home/hanmo/workspace/code/esp32_arduino/extra_packages/install/multi_sensor_interfaces/share/multi_sensor_interfaces/cmake/multi_sensor_interfaces__rosidl_typesupport_introspection_cExport.cmake
[0.265s] -- Up-to-date: /home/hanmo/workspace/code/esp32_arduino/extra_packages/install/multi_sensor_interfaces/share/multi_sensor_interfaces/cmake/multi_sensor_interfaces__rosidl_typesupport_introspection_cExport-noconfig.cmake
[0.265s] -- Up-to-date: /home/hanmo/workspace/code/esp32_arduino/extra_packages/install/multi_sensor_interfaces/share/multi_sensor_interfaces/cmake/multi_sensor_interfaces__rosidl_typesupport_cExport.cmake
[0.265s] -- Up-to-date: /home/hanmo/workspace/code/esp32_arduino/extra_packages/install/multi_sensor_interfaces/share/multi_sensor_interfaces/cmake/multi_sensor_interfaces__rosidl_typesupport_cExport-noconfig.cmake
[0.265s] -- Up-to-date: /home/hanmo/workspace/code/esp32_arduino/extra_packages/install/multi_sensor_interfaces/share/multi_sensor_interfaces/cmake/export_multi_sensor_interfaces__rosidl_generator_cppExport.cmake
[0.265s] -- Up-to-date: /home/hanmo/workspace/code/esp32_arduino/extra_packages/install/multi_sensor_interfaces/share/multi_sensor_interfaces/cmake/export_multi_sensor_interfaces__rosidl_typesupport_fastrtps_cppExport.cmake
[0.265s] -- Up-to-date: /home/hanmo/workspace/code/esp32_arduino/extra_packages/install/multi_sensor_interfaces/share/multi_sensor_interfaces/cmake/export_multi_sensor_interfaces__rosidl_typesupport_fastrtps_cppExport-noconfig.cmake
[0.265s] -- Up-to-date: /home/hanmo/workspace/code/esp32_arduino/extra_packages/install/multi_sensor_interfaces/share/multi_sensor_interfaces/cmake/multi_sensor_interfaces__rosidl_typesupport_introspection_cppExport.cmake
[0.265s] -- Up-to-date: /home/hanmo/workspace/code/esp32_arduino/extra_packages/install/multi_sensor_interfaces/share/multi_sensor_interfaces/cmake/multi_sensor_interfaces__rosidl_typesupport_introspection_cppExport-noconfig.cmake
[0.266s] -- Up-to-date: /home/hanmo/workspace/code/esp32_arduino/extra_packages/install/multi_sensor_interfaces/share/multi_sensor_interfaces/cmake/multi_sensor_interfaces__rosidl_typesupport_cppExport.cmake
[0.266s] -- Up-to-date: /home/hanmo/workspace/code/esp32_arduino/extra_packages/install/multi_sensor_interfaces/share/multi_sensor_interfaces/cmake/multi_sensor_interfaces__rosidl_typesupport_cppExport-noconfig.cmake
[0.266s] -- Up-to-date: /home/hanmo/workspace/code/esp32_arduino/extra_packages/install/multi_sensor_interfaces/share/multi_sensor_interfaces/cmake/export_multi_sensor_interfaces__rosidl_generator_pyExport.cmake
[0.266s] -- Up-to-date: /home/hanmo/workspace/code/esp32_arduino/extra_packages/install/multi_sensor_interfaces/share/multi_sensor_interfaces/cmake/export_multi_sensor_interfaces__rosidl_generator_pyExport-noconfig.cmake
[0.266s] -- Up-to-date: /home/hanmo/workspace/code/esp32_arduino/extra_packages/install/multi_sensor_interfaces/share/multi_sensor_interfaces/cmake/rosidl_cmake-extras.cmake
[0.266s] -- Up-to-date: /home/hanmo/workspace/code/esp32_arduino/extra_packages/install/multi_sensor_interfaces/share/multi_sensor_interfaces/cmake/ament_cmake_export_include_directories-extras.cmake
[0.266s] -- Up-to-date: /home/hanmo/workspace/code/esp32_arduino/extra_packages/install/multi_sensor_interfaces/share/multi_sensor_interfaces/cmake/ament_cmake_export_libraries-extras.cmake
[0.266s] -- Up-to-date: /home/hanmo/workspace/code/esp32_arduino/extra_packages/install/multi_sensor_interfaces/share/multi_sensor_interfaces/cmake/ament_cmake_export_targets-extras.cmake
[0.266s] -- Up-to-date: /home/hanmo/workspace/code/esp32_arduino/extra_packages/install/multi_sensor_interfaces/share/multi_sensor_interfaces/cmake/rosidl_cmake_export_typesupport_targets-extras.cmake
[0.266s] -- Up-to-date: /home/hanmo/workspace/code/esp32_arduino/extra_packages/install/multi_sensor_interfaces/share/multi_sensor_interfaces/cmake/ament_cmake_export_dependencies-extras.cmake
[0.266s] -- Up-to-date: /home/hanmo/workspace/code/esp32_arduino/extra_packages/install/multi_sensor_interfaces/share/multi_sensor_interfaces/cmake/rosidl_cmake_export_typesupport_libraries-extras.cmake
[0.266s] -- Up-to-date: /home/hanmo/workspace/code/esp32_arduino/extra_packages/install/multi_sensor_interfaces/share/multi_sensor_interfaces/cmake/multi_sensor_interfacesConfig.cmake
[0.266s] -- Up-to-date: /home/hanmo/workspace/code/esp32_arduino/extra_packages/install/multi_sensor_interfaces/share/multi_sensor_interfaces/cmake/multi_sensor_interfacesConfig-version.cmake
[0.266s] -- Up-to-date: /home/hanmo/workspace/code/esp32_arduino/extra_packages/install/multi_sensor_interfaces/share/multi_sensor_interfaces/package.xml
[0.267s] Invoked command in '/home/hanmo/workspace/code/esp32_arduino/extra_packages/build/multi_sensor_interfaces' returned '0': CMAKE_PREFIX_PATH=${CMAKE_PREFIX_PATH}:/home/hanmo/workspace/code/dev_ws/install/learning_urdf:/home/hanmo/workspace/code/dev_ws/install/learning_topic:/home/hanmo/workspace/code/dev_ws/install/learning_tf:/home/hanmo/workspace/code/dev_ws/install/learning_service:/home/hanmo/workspace/code/dev_ws/install/learning_qos:/home/hanmo/workspace/code/dev_ws/install/learning_pkg_python:/home/hanmo/workspace/code/dev_ws/install/learning_parameter:/home/hanmo/workspace/code/dev_ws/install/learning_node:/home/hanmo/workspace/code/dev_ws/install/learning_launch:/home/hanmo/workspace/code/dev_ws/install/learning_action:/home/hanmo/workspace/code/dev_ws/install/learning_gazebo:/home/hanmo/workspace/code/dev_ws/install/learning_cv:/opt/ros/humble /usr/bin/cmake --install /home/hanmo/workspace/code/esp32_arduino/extra_packages/build/multi_sensor_interfaces
