[0.007s] Invoking command in '/home/hanmo/workspace/code/esp32_arduino/extra_packages/build/multi_sensor_interfaces': CMAKE_PREFIX_PATH=${CMAKE_PREFIX_PATH}:/home/hanmo/workspace/code/dev_ws/install/learning_urdf:/home/hanmo/workspace/code/dev_ws/install/learning_topic:/home/hanmo/workspace/code/dev_ws/install/learning_tf:/home/hanmo/workspace/code/dev_ws/install/learning_service:/home/hanmo/workspace/code/dev_ws/install/learning_qos:/home/hanmo/workspace/code/dev_ws/install/learning_pkg_python:/home/hanmo/workspace/code/dev_ws/install/learning_parameter:/home/hanmo/workspace/code/dev_ws/install/learning_node:/home/hanmo/workspace/code/dev_ws/install/learning_launch:/home/hanmo/workspace/code/dev_ws/install/learning_action:/home/hanmo/workspace/code/dev_ws/install/learning_gazebo:/home/hanmo/workspace/code/dev_ws/install/learning_cv:/opt/ros/humble /usr/bin/cmake --build /home/hanmo/workspace/code/esp32_arduino/extra_packages/build/multi_sensor_interfaces -- -j24 -l24
[0.024s] -- Found ament_cmake: 1.3.11 (/opt/ros/humble/share/ament_cmake/cmake)
[0.123s] -- Found ament_lint_auto: 0.12.11 (/opt/ros/humble/share/ament_lint_auto/cmake)
[0.163s] -- Found rosidl_default_generators: 1.2.0 (/opt/ros/humble/share/rosidl_default_generators/cmake)
[0.165s] -- Using all available rosidl_typesupport_c: rosidl_typesupport_fastrtps_c;rosidl_typesupport_introspection_c
[0.167s] -- Found rosidl_adapter: 3.1.6 (/opt/ros/humble/share/rosidl_adapter/cmake)
[0.185s] -- Using all available rosidl_typesupport_cpp: rosidl_typesupport_fastrtps_cpp;rosidl_typesupport_introspection_cpp
[0.336s] -- Found ament_cmake_ros: 0.10.0 (/opt/ros/humble/share/ament_cmake_ros/cmake)
[0.509s] -- Using all available rosidl_typesupport_c: rosidl_typesupport_fastrtps_c;rosidl_typesupport_introspection_c
[0.692s] -- Using all available rosidl_typesupport_cpp: rosidl_typesupport_fastrtps_cpp;rosidl_typesupport_introspection_cpp
[0.707s] -- Found python_cmake_module: 0.10.0 (/opt/ros/humble/share/python_cmake_module/cmake)
[0.726s] -- Using PYTHON_EXECUTABLE: /usr/bin/python3
[0.726s] -- Using PYTHON_INCLUDE_DIRS: /usr/include/python3.10
[0.727s] -- Using PYTHON_LIBRARIES: /usr/lib/x86_64-linux-gnu/libpython3.10.so
[0.739s] -- Added test 'copyright' to check source files copyright and LICENSE
[0.740s] -- Added test 'lint_cmake' to check CMake code style
[0.740s] -- Added test 'xmllint' to check XML markup files
[0.742s] -- Configuring done
[0.755s] -- Generating done
[0.760s] -- Build files have been written to: /home/hanmo/workspace/code/esp32_arduino/extra_packages/build/multi_sensor_interfaces
[0.778s] [35m[1mConsolidate compiler generated dependencies of target multi_sensor_interfaces__rosidl_generator_c[0m
[0.788s] [ 12%] Built target multi_sensor_interfaces__cpp
[0.788s] [ 12%] Built target multi_sensor_interfaces__rosidl_generator_c
[0.795s] [35m[1mConsolidate compiler generated dependencies of target multi_sensor_interfaces__rosidl_typesupport_fastrtps_cpp[0m
[0.797s] [35m[1mConsolidate compiler generated dependencies of target multi_sensor_interfaces__rosidl_typesupport_introspection_cpp[0m
[0.797s] [ 12%] Built target ament_cmake_python_copy_multi_sensor_interfaces
[0.798s] [35m[1mConsolidate compiler generated dependencies of target multi_sensor_interfaces__rosidl_typesupport_cpp[0m
[0.805s] [ 22%] Built target multi_sensor_interfaces__rosidl_typesupport_fastrtps_cpp
[0.805s] [35m[1mConsolidate compiler generated dependencies of target multi_sensor_interfaces__rosidl_typesupport_c[0m
[0.806s] [ 32%] Built target multi_sensor_interfaces__rosidl_typesupport_introspection_cpp
[0.807s] [35m[1mConsolidate compiler generated dependencies of target multi_sensor_interfaces__rosidl_typesupport_introspection_c[0m
[0.807s] [35m[1mConsolidate compiler generated dependencies of target multi_sensor_interfaces__rosidl_typesupport_fastrtps_c[0m
[0.808s] [ 41%] Built target multi_sensor_interfaces__rosidl_typesupport_cpp
[0.815s] [ 51%] Built target multi_sensor_interfaces__rosidl_typesupport_c
[0.816s] [ 61%] Built target multi_sensor_interfaces__rosidl_typesupport_introspection_c
[0.817s] [ 70%] Built target multi_sensor_interfaces__rosidl_typesupport_fastrtps_c
[0.831s] [ 70%] Built target multi_sensor_interfaces
[0.845s] [ 74%] Built target multi_sensor_interfaces__py
[0.851s] [35m[1mConsolidate compiler generated dependencies of target multi_sensor_interfaces__rosidl_generator_py[0m
[0.861s] [ 80%] Built target multi_sensor_interfaces__rosidl_generator_py
[0.870s] [35m[1mConsolidate compiler generated dependencies of target multi_sensor_interfaces__rosidl_typesupport_c__pyext[0m
[0.870s] [35m[1mConsolidate compiler generated dependencies of target multi_sensor_interfaces__rosidl_typesupport_fastrtps_c__pyext[0m
[0.870s] [35m[1mConsolidate compiler generated dependencies of target multi_sensor_interfaces__rosidl_typesupport_introspection_c__pyext[0m
[0.880s] [ 87%] Built target multi_sensor_interfaces__rosidl_typesupport_fastrtps_c__pyext
[0.880s] [ 93%] Built target multi_sensor_interfaces__rosidl_typesupport_introspection_c__pyext
[0.881s] [100%] Built target multi_sensor_interfaces__rosidl_typesupport_c__pyext
[0.943s] running egg_info
[0.943s] writing multi_sensor_interfaces.egg-info/PKG-INFO
[0.943s] writing dependency_links to multi_sensor_interfaces.egg-info/dependency_links.txt
[0.944s] writing top-level names to multi_sensor_interfaces.egg-info/top_level.txt
[0.945s] reading manifest file 'multi_sensor_interfaces.egg-info/SOURCES.txt'
[0.945s] writing manifest file 'multi_sensor_interfaces.egg-info/SOURCES.txt'
[0.962s] [100%] Built target ament_cmake_python_build_multi_sensor_interfaces_egg
[0.970s] Invoked command in '/home/hanmo/workspace/code/esp32_arduino/extra_packages/build/multi_sensor_interfaces' returned '0': CMAKE_PREFIX_PATH=${CMAKE_PREFIX_PATH}:/home/hanmo/workspace/code/dev_ws/install/learning_urdf:/home/hanmo/workspace/code/dev_ws/install/learning_topic:/home/hanmo/workspace/code/dev_ws/install/learning_tf:/home/hanmo/workspace/code/dev_ws/install/learning_service:/home/hanmo/workspace/code/dev_ws/install/learning_qos:/home/hanmo/workspace/code/dev_ws/install/learning_pkg_python:/home/hanmo/workspace/code/dev_ws/install/learning_parameter:/home/hanmo/workspace/code/dev_ws/install/learning_node:/home/hanmo/workspace/code/dev_ws/install/learning_launch:/home/hanmo/workspace/code/dev_ws/install/learning_action:/home/hanmo/workspace/code/dev_ws/install/learning_gazebo:/home/hanmo/workspace/code/dev_ws/install/learning_cv:/opt/ros/humble /usr/bin/cmake --build /home/hanmo/workspace/code/esp32_arduino/extra_packages/build/multi_sensor_interfaces -- -j24 -l24
[0.978s] Invoking command in '/home/hanmo/workspace/code/esp32_arduino/extra_packages/build/multi_sensor_interfaces': CMAKE_PREFIX_PATH=${CMAKE_PREFIX_PATH}:/home/hanmo/workspace/code/dev_ws/install/learning_urdf:/home/hanmo/workspace/code/dev_ws/install/learning_topic:/home/hanmo/workspace/code/dev_ws/install/learning_tf:/home/hanmo/workspace/code/dev_ws/install/learning_service:/home/hanmo/workspace/code/dev_ws/install/learning_qos:/home/hanmo/workspace/code/dev_ws/install/learning_pkg_python:/home/hanmo/workspace/code/dev_ws/install/learning_parameter:/home/hanmo/workspace/code/dev_ws/install/learning_node:/home/hanmo/workspace/code/dev_ws/install/learning_launch:/home/hanmo/workspace/code/dev_ws/install/learning_action:/home/hanmo/workspace/code/dev_ws/install/learning_gazebo:/home/hanmo/workspace/code/dev_ws/install/learning_cv:/opt/ros/humble /usr/bin/cmake --install /home/hanmo/workspace/code/esp32_arduino/extra_packages/build/multi_sensor_interfaces
[0.982s] -- Install configuration: ""
[0.982s] -- Up-to-date: /home/hanmo/workspace/code/esp32_arduino/extra_packages/install/multi_sensor_interfaces/share/ament_index/resource_index/rosidl_interfaces/multi_sensor_interfaces
[0.982s] -- Up-to-date: /home/hanmo/workspace/code/esp32_arduino/extra_packages/install/multi_sensor_interfaces/include/multi_sensor_interfaces/multi_sensor_interfaces
[0.982s] -- Up-to-date: /home/hanmo/workspace/code/esp32_arduino/extra_packages/install/multi_sensor_interfaces/include/multi_sensor_interfaces/multi_sensor_interfaces/srv
[0.982s] -- Up-to-date: /home/hanmo/workspace/code/esp32_arduino/extra_packages/install/multi_sensor_interfaces/include/multi_sensor_interfaces/multi_sensor_interfaces/srv/detail
[0.983s] -- Up-to-date: /home/hanmo/workspace/code/esp32_arduino/extra_packages/install/multi_sensor_interfaces/include/multi_sensor_interfaces/multi_sensor_interfaces/srv/detail/multisensor__type_support.h
[0.983s] -- Up-to-date: /home/hanmo/workspace/code/esp32_arduino/extra_packages/install/multi_sensor_interfaces/include/multi_sensor_interfaces/multi_sensor_interfaces/srv/detail/multisensor__functions.h
[0.983s] -- Up-to-date: /home/hanmo/workspace/code/esp32_arduino/extra_packages/install/multi_sensor_interfaces/include/multi_sensor_interfaces/multi_sensor_interfaces/srv/detail/multisensor__functions.c
[0.983s] -- Up-to-date: /home/hanmo/workspace/code/esp32_arduino/extra_packages/install/multi_sensor_interfaces/include/multi_sensor_interfaces/multi_sensor_interfaces/srv/detail/multisensor__struct.h
[0.983s] -- Up-to-date: /home/hanmo/workspace/code/esp32_arduino/extra_packages/install/multi_sensor_interfaces/include/multi_sensor_interfaces/multi_sensor_interfaces/srv/multisensor.h
[0.983s] -- Up-to-date: /home/hanmo/workspace/code/esp32_arduino/extra_packages/install/multi_sensor_interfaces/include/multi_sensor_interfaces/multi_sensor_interfaces/msg
[0.983s] -- Up-to-date: /home/hanmo/workspace/code/esp32_arduino/extra_packages/install/multi_sensor_interfaces/include/multi_sensor_interfaces/multi_sensor_interfaces/msg/rosidl_generator_c__visibility_control.h
[0.983s] -- Up-to-date: /home/hanmo/workspace/code/esp32_arduino/extra_packages/install/multi_sensor_interfaces/share/multi_sensor_interfaces/environment/library_path.sh
[0.983s] -- Installing: /home/hanmo/workspace/code/esp32_arduino/extra_packages/install/multi_sensor_interfaces/share/multi_sensor_interfaces/environment/library_path.dsv
[0.983s] -- Up-to-date: /home/hanmo/workspace/code/esp32_arduino/extra_packages/install/multi_sensor_interfaces/lib/libmulti_sensor_interfaces__rosidl_generator_c.so
[0.983s] -- Up-to-date: /home/hanmo/workspace/code/esp32_arduino/extra_packages/install/multi_sensor_interfaces/include/multi_sensor_interfaces/multi_sensor_interfaces
[0.983s] -- Up-to-date: /home/hanmo/workspace/code/esp32_arduino/extra_packages/install/multi_sensor_interfaces/include/multi_sensor_interfaces/multi_sensor_interfaces/srv
[0.983s] -- Up-to-date: /home/hanmo/workspace/code/esp32_arduino/extra_packages/install/multi_sensor_interfaces/include/multi_sensor_interfaces/multi_sensor_interfaces/srv/detail
[0.983s] -- Up-to-date: /home/hanmo/workspace/code/esp32_arduino/extra_packages/install/multi_sensor_interfaces/include/multi_sensor_interfaces/multi_sensor_interfaces/srv/detail/multisensor__rosidl_typesupport_fastrtps_c.h
[0.983s] -- Up-to-date: /home/hanmo/workspace/code/esp32_arduino/extra_packages/install/multi_sensor_interfaces/include/multi_sensor_interfaces/multi_sensor_interfaces/msg
[0.983s] -- Up-to-date: /home/hanmo/workspace/code/esp32_arduino/extra_packages/install/multi_sensor_interfaces/include/multi_sensor_interfaces/multi_sensor_interfaces/msg/rosidl_typesupport_fastrtps_c__visibility_control.h
[0.983s] -- Up-to-date: /home/hanmo/workspace/code/esp32_arduino/extra_packages/install/multi_sensor_interfaces/lib/libmulti_sensor_interfaces__rosidl_typesupport_fastrtps_c.so
[0.983s] -- Up-to-date: /home/hanmo/workspace/code/esp32_arduino/extra_packages/install/multi_sensor_interfaces/include/multi_sensor_interfaces/multi_sensor_interfaces
[0.983s] -- Up-to-date: /home/hanmo/workspace/code/esp32_arduino/extra_packages/install/multi_sensor_interfaces/include/multi_sensor_interfaces/multi_sensor_interfaces/srv
[0.983s] -- Up-to-date: /home/hanmo/workspace/code/esp32_arduino/extra_packages/install/multi_sensor_interfaces/include/multi_sensor_interfaces/multi_sensor_interfaces/srv/detail
[0.983s] -- Up-to-date: /home/hanmo/workspace/code/esp32_arduino/extra_packages/install/multi_sensor_interfaces/include/multi_sensor_interfaces/multi_sensor_interfaces/srv/detail/multisensor__type_support.c
[0.983s] -- Up-to-date: /home/hanmo/workspace/code/esp32_arduino/extra_packages/install/multi_sensor_interfaces/include/multi_sensor_interfaces/multi_sensor_interfaces/srv/detail/multisensor__rosidl_typesupport_introspection_c.h
[0.983s] -- Up-to-date: /home/hanmo/workspace/code/esp32_arduino/extra_packages/install/multi_sensor_interfaces/include/multi_sensor_interfaces/multi_sensor_interfaces/msg
[0.983s] -- Up-to-date: /home/hanmo/workspace/code/esp32_arduino/extra_packages/install/multi_sensor_interfaces/include/multi_sensor_interfaces/multi_sensor_interfaces/msg/rosidl_typesupport_introspection_c__visibility_control.h
[0.983s] -- Up-to-date: /home/hanmo/workspace/code/esp32_arduino/extra_packages/install/multi_sensor_interfaces/lib/libmulti_sensor_interfaces__rosidl_typesupport_introspection_c.so
[0.983s] -- Up-to-date: /home/hanmo/workspace/code/esp32_arduino/extra_packages/install/multi_sensor_interfaces/lib/libmulti_sensor_interfaces__rosidl_typesupport_c.so
[0.983s] -- Up-to-date: /home/hanmo/workspace/code/esp32_arduino/extra_packages/install/multi_sensor_interfaces/include/multi_sensor_interfaces/multi_sensor_interfaces
[0.983s] -- Up-to-date: /home/hanmo/workspace/code/esp32_arduino/extra_packages/install/multi_sensor_interfaces/include/multi_sensor_interfaces/multi_sensor_interfaces/srv
[0.983s] -- Up-to-date: /home/hanmo/workspace/code/esp32_arduino/extra_packages/install/multi_sensor_interfaces/include/multi_sensor_interfaces/multi_sensor_interfaces/srv/multisensor.hpp
[0.983s] -- Up-to-date: /home/hanmo/workspace/code/esp32_arduino/extra_packages/install/multi_sensor_interfaces/include/multi_sensor_interfaces/multi_sensor_interfaces/srv/detail
[0.983s] -- Up-to-date: /home/hanmo/workspace/code/esp32_arduino/extra_packages/install/multi_sensor_interfaces/include/multi_sensor_interfaces/multi_sensor_interfaces/srv/detail/multisensor__struct.hpp
[0.983s] -- Up-to-date: /home/hanmo/workspace/code/esp32_arduino/extra_packages/install/multi_sensor_interfaces/include/multi_sensor_interfaces/multi_sensor_interfaces/srv/detail/multisensor__type_support.hpp
[0.983s] -- Up-to-date: /home/hanmo/workspace/code/esp32_arduino/extra_packages/install/multi_sensor_interfaces/include/multi_sensor_interfaces/multi_sensor_interfaces/srv/detail/multisensor__traits.hpp
[0.983s] -- Up-to-date: /home/hanmo/workspace/code/esp32_arduino/extra_packages/install/multi_sensor_interfaces/include/multi_sensor_interfaces/multi_sensor_interfaces/srv/detail/multisensor__builder.hpp
[0.983s] -- Up-to-date: /home/hanmo/workspace/code/esp32_arduino/extra_packages/install/multi_sensor_interfaces/include/multi_sensor_interfaces/multi_sensor_interfaces/msg
[0.984s] -- Up-to-date: /home/hanmo/workspace/code/esp32_arduino/extra_packages/install/multi_sensor_interfaces/include/multi_sensor_interfaces/multi_sensor_interfaces/msg/rosidl_generator_cpp__visibility_control.hpp
[0.984s] -- Up-to-date: /home/hanmo/workspace/code/esp32_arduino/extra_packages/install/multi_sensor_interfaces/include/multi_sensor_interfaces/multi_sensor_interfaces
[0.984s] -- Up-to-date: /home/hanmo/workspace/code/esp32_arduino/extra_packages/install/multi_sensor_interfaces/include/multi_sensor_interfaces/multi_sensor_interfaces/srv
[0.984s] -- Up-to-date: /home/hanmo/workspace/code/esp32_arduino/extra_packages/install/multi_sensor_interfaces/include/multi_sensor_interfaces/multi_sensor_interfaces/srv/detail
[0.984s] -- Up-to-date: /home/hanmo/workspace/code/esp32_arduino/extra_packages/install/multi_sensor_interfaces/include/multi_sensor_interfaces/multi_sensor_interfaces/srv/detail/dds_fastrtps
[0.984s] -- Up-to-date: /home/hanmo/workspace/code/esp32_arduino/extra_packages/install/multi_sensor_interfaces/include/multi_sensor_interfaces/multi_sensor_interfaces/srv/detail/multisensor__rosidl_typesupport_fastrtps_cpp.hpp
[0.984s] -- Up-to-date: /home/hanmo/workspace/code/esp32_arduino/extra_packages/install/multi_sensor_interfaces/include/multi_sensor_interfaces/multi_sensor_interfaces/msg
[0.984s] -- Up-to-date: /home/hanmo/workspace/code/esp32_arduino/extra_packages/install/multi_sensor_interfaces/include/multi_sensor_interfaces/multi_sensor_interfaces/msg/rosidl_typesupport_fastrtps_cpp__visibility_control.h
[0.984s] -- Up-to-date: /home/hanmo/workspace/code/esp32_arduino/extra_packages/install/multi_sensor_interfaces/lib/libmulti_sensor_interfaces__rosidl_typesupport_fastrtps_cpp.so
[0.984s] -- Up-to-date: /home/hanmo/workspace/code/esp32_arduino/extra_packages/install/multi_sensor_interfaces/include/multi_sensor_interfaces/multi_sensor_interfaces
[0.984s] -- Up-to-date: /home/hanmo/workspace/code/esp32_arduino/extra_packages/install/multi_sensor_interfaces/include/multi_sensor_interfaces/multi_sensor_interfaces/srv
[0.984s] -- Up-to-date: /home/hanmo/workspace/code/esp32_arduino/extra_packages/install/multi_sensor_interfaces/include/multi_sensor_interfaces/multi_sensor_interfaces/srv/detail
[0.984s] -- Up-to-date: /home/hanmo/workspace/code/esp32_arduino/extra_packages/install/multi_sensor_interfaces/include/multi_sensor_interfaces/multi_sensor_interfaces/srv/detail/multisensor__rosidl_typesupport_introspection_cpp.hpp
[0.984s] -- Up-to-date: /home/hanmo/workspace/code/esp32_arduino/extra_packages/install/multi_sensor_interfaces/include/multi_sensor_interfaces/multi_sensor_interfaces/srv/detail/multisensor__type_support.cpp
[0.984s] -- Up-to-date: /home/hanmo/workspace/code/esp32_arduino/extra_packages/install/multi_sensor_interfaces/lib/libmulti_sensor_interfaces__rosidl_typesupport_introspection_cpp.so
[0.984s] -- Up-to-date: /home/hanmo/workspace/code/esp32_arduino/extra_packages/install/multi_sensor_interfaces/lib/libmulti_sensor_interfaces__rosidl_typesupport_cpp.so
[0.984s] -- Up-to-date: /home/hanmo/workspace/code/esp32_arduino/extra_packages/install/multi_sensor_interfaces/share/multi_sensor_interfaces/environment/pythonpath.sh
[0.984s] -- Installing: /home/hanmo/workspace/code/esp32_arduino/extra_packages/install/multi_sensor_interfaces/share/multi_sensor_interfaces/environment/pythonpath.dsv
[0.984s] -- Up-to-date: /home/hanmo/workspace/code/esp32_arduino/extra_packages/install/multi_sensor_interfaces/local/lib/python3.10/dist-packages/multi_sensor_interfaces-0.0.0-py3.10.egg-info
[0.984s] -- Installing: /home/hanmo/workspace/code/esp32_arduino/extra_packages/install/multi_sensor_interfaces/local/lib/python3.10/dist-packages/multi_sensor_interfaces-0.0.0-py3.10.egg-info/SOURCES.txt
[0.984s] -- Installing: /home/hanmo/workspace/code/esp32_arduino/extra_packages/install/multi_sensor_interfaces/local/lib/python3.10/dist-packages/multi_sensor_interfaces-0.0.0-py3.10.egg-info/dependency_links.txt
[0.984s] -- Installing: /home/hanmo/workspace/code/esp32_arduino/extra_packages/install/multi_sensor_interfaces/local/lib/python3.10/dist-packages/multi_sensor_interfaces-0.0.0-py3.10.egg-info/top_level.txt
[0.984s] -- Installing: /home/hanmo/workspace/code/esp32_arduino/extra_packages/install/multi_sensor_interfaces/local/lib/python3.10/dist-packages/multi_sensor_interfaces-0.0.0-py3.10.egg-info/PKG-INFO
[0.984s] -- Up-to-date: /home/hanmo/workspace/code/esp32_arduino/extra_packages/install/multi_sensor_interfaces/local/lib/python3.10/dist-packages/multi_sensor_interfaces
[0.984s] -- Installing: /home/hanmo/workspace/code/esp32_arduino/extra_packages/install/multi_sensor_interfaces/local/lib/python3.10/dist-packages/multi_sensor_interfaces/__init__.py
[0.984s] -- Up-to-date: /home/hanmo/workspace/code/esp32_arduino/extra_packages/install/multi_sensor_interfaces/local/lib/python3.10/dist-packages/multi_sensor_interfaces/libmulti_sensor_interfaces__rosidl_generator_py.so
[0.984s] -- Up-to-date: /home/hanmo/workspace/code/esp32_arduino/extra_packages/install/multi_sensor_interfaces/local/lib/python3.10/dist-packages/multi_sensor_interfaces/_multi_sensor_interfaces_s.ep.rosidl_typesupport_fastrtps_c.c
[0.984s] -- Up-to-date: /home/hanmo/workspace/code/esp32_arduino/extra_packages/install/multi_sensor_interfaces/local/lib/python3.10/dist-packages/multi_sensor_interfaces/srv
[0.984s] -- Up-to-date: /home/hanmo/workspace/code/esp32_arduino/extra_packages/install/multi_sensor_interfaces/local/lib/python3.10/dist-packages/multi_sensor_interfaces/srv/__init__.py
[0.984s] -- Up-to-date: /home/hanmo/workspace/code/esp32_arduino/extra_packages/install/multi_sensor_interfaces/local/lib/python3.10/dist-packages/multi_sensor_interfaces/srv/_multisensor_s.c
[0.984s] -- Up-to-date: /home/hanmo/workspace/code/esp32_arduino/extra_packages/install/multi_sensor_interfaces/local/lib/python3.10/dist-packages/multi_sensor_interfaces/srv/_multisensor.py
[0.984s] -- Up-to-date: /home/hanmo/workspace/code/esp32_arduino/extra_packages/install/multi_sensor_interfaces/local/lib/python3.10/dist-packages/multi_sensor_interfaces/multi_sensor_interfaces_s__rosidl_typesupport_introspection_c.cpython-310-x86_64-linux-gnu.so
[0.984s] -- Up-to-date: /home/hanmo/workspace/code/esp32_arduino/extra_packages/install/multi_sensor_interfaces/local/lib/python3.10/dist-packages/multi_sensor_interfaces/multi_sensor_interfaces_s__rosidl_typesupport_c.cpython-310-x86_64-linux-gnu.so
[0.984s] -- Up-to-date: /home/hanmo/workspace/code/esp32_arduino/extra_packages/install/multi_sensor_interfaces/local/lib/python3.10/dist-packages/multi_sensor_interfaces/_multi_sensor_interfaces_s.ep.rosidl_typesupport_c.c
[0.984s] -- Up-to-date: /home/hanmo/workspace/code/esp32_arduino/extra_packages/install/multi_sensor_interfaces/local/lib/python3.10/dist-packages/multi_sensor_interfaces/multi_sensor_interfaces_s__rosidl_typesupport_fastrtps_c.cpython-310-x86_64-linux-gnu.so
[0.985s] -- Up-to-date: /home/hanmo/workspace/code/esp32_arduino/extra_packages/install/multi_sensor_interfaces/local/lib/python3.10/dist-packages/multi_sensor_interfaces/_multi_sensor_interfaces_s.ep.rosidl_typesupport_introspection_c.c
[1.007s] Listing '/home/hanmo/workspace/code/esp32_arduino/extra_packages/install/multi_sensor_interfaces/local/lib/python3.10/dist-packages/multi_sensor_interfaces'...
[1.007s] Compiling '/home/hanmo/workspace/code/esp32_arduino/extra_packages/install/multi_sensor_interfaces/local/lib/python3.10/dist-packages/multi_sensor_interfaces/__init__.py'...
[1.007s] Listing '/home/hanmo/workspace/code/esp32_arduino/extra_packages/install/multi_sensor_interfaces/local/lib/python3.10/dist-packages/multi_sensor_interfaces/srv'...
[1.011s] -- Up-to-date: /home/hanmo/workspace/code/esp32_arduino/extra_packages/install/multi_sensor_interfaces/local/lib/python3.10/dist-packages/multi_sensor_interfaces/multi_sensor_interfaces_s__rosidl_typesupport_fastrtps_c.cpython-310-x86_64-linux-gnu.so
[1.011s] -- Up-to-date: /home/hanmo/workspace/code/esp32_arduino/extra_packages/install/multi_sensor_interfaces/local/lib/python3.10/dist-packages/multi_sensor_interfaces/multi_sensor_interfaces_s__rosidl_typesupport_introspection_c.cpython-310-x86_64-linux-gnu.so
[1.011s] -- Up-to-date: /home/hanmo/workspace/code/esp32_arduino/extra_packages/install/multi_sensor_interfaces/local/lib/python3.10/dist-packages/multi_sensor_interfaces/multi_sensor_interfaces_s__rosidl_typesupport_c.cpython-310-x86_64-linux-gnu.so
[1.011s] -- Up-to-date: /home/hanmo/workspace/code/esp32_arduino/extra_packages/install/multi_sensor_interfaces/lib/libmulti_sensor_interfaces__rosidl_generator_py.so
[1.011s] -- Up-to-date: /home/hanmo/workspace/code/esp32_arduino/extra_packages/install/multi_sensor_interfaces/share/multi_sensor_interfaces/srv/Multisensor.idl
[1.011s] -- Up-to-date: /home/hanmo/workspace/code/esp32_arduino/extra_packages/install/multi_sensor_interfaces/share/multi_sensor_interfaces/srv/Multisensor.srv
[1.011s] -- Up-to-date: /home/hanmo/workspace/code/esp32_arduino/extra_packages/install/multi_sensor_interfaces/share/multi_sensor_interfaces/srv/Multisensor_Request.msg
[1.011s] -- Up-to-date: /home/hanmo/workspace/code/esp32_arduino/extra_packages/install/multi_sensor_interfaces/share/multi_sensor_interfaces/srv/Multisensor_Response.msg
[1.011s] -- Up-to-date: /home/hanmo/workspace/code/esp32_arduino/extra_packages/install/multi_sensor_interfaces/share/ament_index/resource_index/package_run_dependencies/multi_sensor_interfaces
[1.011s] -- Up-to-date: /home/hanmo/workspace/code/esp32_arduino/extra_packages/install/multi_sensor_interfaces/share/ament_index/resource_index/parent_prefix_path/multi_sensor_interfaces
[1.011s] -- Up-to-date: /home/hanmo/workspace/code/esp32_arduino/extra_packages/install/multi_sensor_interfaces/share/multi_sensor_interfaces/environment/ament_prefix_path.sh
[1.011s] -- Installing: /home/hanmo/workspace/code/esp32_arduino/extra_packages/install/multi_sensor_interfaces/share/multi_sensor_interfaces/environment/ament_prefix_path.dsv
[1.012s] -- Up-to-date: /home/hanmo/workspace/code/esp32_arduino/extra_packages/install/multi_sensor_interfaces/share/multi_sensor_interfaces/environment/path.sh
[1.012s] -- Installing: /home/hanmo/workspace/code/esp32_arduino/extra_packages/install/multi_sensor_interfaces/share/multi_sensor_interfaces/environment/path.dsv
[1.012s] -- Up-to-date: /home/hanmo/workspace/code/esp32_arduino/extra_packages/install/multi_sensor_interfaces/share/multi_sensor_interfaces/local_setup.bash
[1.012s] -- Up-to-date: /home/hanmo/workspace/code/esp32_arduino/extra_packages/install/multi_sensor_interfaces/share/multi_sensor_interfaces/local_setup.sh
[1.012s] -- Up-to-date: /home/hanmo/workspace/code/esp32_arduino/extra_packages/install/multi_sensor_interfaces/share/multi_sensor_interfaces/local_setup.zsh
[1.012s] -- Installing: /home/hanmo/workspace/code/esp32_arduino/extra_packages/install/multi_sensor_interfaces/share/multi_sensor_interfaces/local_setup.dsv
[1.012s] -- Installing: /home/hanmo/workspace/code/esp32_arduino/extra_packages/install/multi_sensor_interfaces/share/multi_sensor_interfaces/package.dsv
[1.012s] -- Up-to-date: /home/hanmo/workspace/code/esp32_arduino/extra_packages/install/multi_sensor_interfaces/share/ament_index/resource_index/packages/multi_sensor_interfaces
[1.012s] -- Up-to-date: /home/hanmo/workspace/code/esp32_arduino/extra_packages/install/multi_sensor_interfaces/share/multi_sensor_interfaces/cmake/export_multi_sensor_interfaces__rosidl_generator_cExport.cmake
[1.012s] -- Up-to-date: /home/hanmo/workspace/code/esp32_arduino/extra_packages/install/multi_sensor_interfaces/share/multi_sensor_interfaces/cmake/export_multi_sensor_interfaces__rosidl_generator_cExport-noconfig.cmake
[1.012s] -- Up-to-date: /home/hanmo/workspace/code/esp32_arduino/extra_packages/install/multi_sensor_interfaces/share/multi_sensor_interfaces/cmake/export_multi_sensor_interfaces__rosidl_typesupport_fastrtps_cExport.cmake
[1.012s] -- Up-to-date: /home/hanmo/workspace/code/esp32_arduino/extra_packages/install/multi_sensor_interfaces/share/multi_sensor_interfaces/cmake/export_multi_sensor_interfaces__rosidl_typesupport_fastrtps_cExport-noconfig.cmake
[1.012s] -- Up-to-date: /home/hanmo/workspace/code/esp32_arduino/extra_packages/install/multi_sensor_interfaces/share/multi_sensor_interfaces/cmake/multi_sensor_interfaces__rosidl_typesupport_introspection_cExport.cmake
[1.012s] -- Up-to-date: /home/hanmo/workspace/code/esp32_arduino/extra_packages/install/multi_sensor_interfaces/share/multi_sensor_interfaces/cmake/multi_sensor_interfaces__rosidl_typesupport_introspection_cExport-noconfig.cmake
[1.012s] -- Up-to-date: /home/hanmo/workspace/code/esp32_arduino/extra_packages/install/multi_sensor_interfaces/share/multi_sensor_interfaces/cmake/multi_sensor_interfaces__rosidl_typesupport_cExport.cmake
[1.012s] -- Up-to-date: /home/hanmo/workspace/code/esp32_arduino/extra_packages/install/multi_sensor_interfaces/share/multi_sensor_interfaces/cmake/multi_sensor_interfaces__rosidl_typesupport_cExport-noconfig.cmake
[1.012s] -- Up-to-date: /home/hanmo/workspace/code/esp32_arduino/extra_packages/install/multi_sensor_interfaces/share/multi_sensor_interfaces/cmake/export_multi_sensor_interfaces__rosidl_generator_cppExport.cmake
[1.012s] -- Up-to-date: /home/hanmo/workspace/code/esp32_arduino/extra_packages/install/multi_sensor_interfaces/share/multi_sensor_interfaces/cmake/export_multi_sensor_interfaces__rosidl_typesupport_fastrtps_cppExport.cmake
[1.012s] -- Up-to-date: /home/hanmo/workspace/code/esp32_arduino/extra_packages/install/multi_sensor_interfaces/share/multi_sensor_interfaces/cmake/export_multi_sensor_interfaces__rosidl_typesupport_fastrtps_cppExport-noconfig.cmake
[1.012s] -- Up-to-date: /home/hanmo/workspace/code/esp32_arduino/extra_packages/install/multi_sensor_interfaces/share/multi_sensor_interfaces/cmake/multi_sensor_interfaces__rosidl_typesupport_introspection_cppExport.cmake
[1.012s] -- Up-to-date: /home/hanmo/workspace/code/esp32_arduino/extra_packages/install/multi_sensor_interfaces/share/multi_sensor_interfaces/cmake/multi_sensor_interfaces__rosidl_typesupport_introspection_cppExport-noconfig.cmake
[1.012s] -- Up-to-date: /home/hanmo/workspace/code/esp32_arduino/extra_packages/install/multi_sensor_interfaces/share/multi_sensor_interfaces/cmake/multi_sensor_interfaces__rosidl_typesupport_cppExport.cmake
[1.012s] -- Up-to-date: /home/hanmo/workspace/code/esp32_arduino/extra_packages/install/multi_sensor_interfaces/share/multi_sensor_interfaces/cmake/multi_sensor_interfaces__rosidl_typesupport_cppExport-noconfig.cmake
[1.012s] -- Up-to-date: /home/hanmo/workspace/code/esp32_arduino/extra_packages/install/multi_sensor_interfaces/share/multi_sensor_interfaces/cmake/export_multi_sensor_interfaces__rosidl_generator_pyExport.cmake
[1.012s] -- Up-to-date: /home/hanmo/workspace/code/esp32_arduino/extra_packages/install/multi_sensor_interfaces/share/multi_sensor_interfaces/cmake/export_multi_sensor_interfaces__rosidl_generator_pyExport-noconfig.cmake
[1.012s] -- Up-to-date: /home/hanmo/workspace/code/esp32_arduino/extra_packages/install/multi_sensor_interfaces/share/multi_sensor_interfaces/cmake/rosidl_cmake-extras.cmake
[1.012s] -- Up-to-date: /home/hanmo/workspace/code/esp32_arduino/extra_packages/install/multi_sensor_interfaces/share/multi_sensor_interfaces/cmake/ament_cmake_export_include_directories-extras.cmake
[1.012s] -- Up-to-date: /home/hanmo/workspace/code/esp32_arduino/extra_packages/install/multi_sensor_interfaces/share/multi_sensor_interfaces/cmake/ament_cmake_export_libraries-extras.cmake
[1.012s] -- Up-to-date: /home/hanmo/workspace/code/esp32_arduino/extra_packages/install/multi_sensor_interfaces/share/multi_sensor_interfaces/cmake/ament_cmake_export_targets-extras.cmake
[1.013s] -- Up-to-date: /home/hanmo/workspace/code/esp32_arduino/extra_packages/install/multi_sensor_interfaces/share/multi_sensor_interfaces/cmake/rosidl_cmake_export_typesupport_targets-extras.cmake
[1.013s] -- Up-to-date: /home/hanmo/workspace/code/esp32_arduino/extra_packages/install/multi_sensor_interfaces/share/multi_sensor_interfaces/cmake/ament_cmake_export_dependencies-extras.cmake
[1.013s] -- Up-to-date: /home/hanmo/workspace/code/esp32_arduino/extra_packages/install/multi_sensor_interfaces/share/multi_sensor_interfaces/cmake/rosidl_cmake_export_typesupport_libraries-extras.cmake
[1.013s] -- Up-to-date: /home/hanmo/workspace/code/esp32_arduino/extra_packages/install/multi_sensor_interfaces/share/multi_sensor_interfaces/cmake/multi_sensor_interfacesConfig.cmake
[1.013s] -- Up-to-date: /home/hanmo/workspace/code/esp32_arduino/extra_packages/install/multi_sensor_interfaces/share/multi_sensor_interfaces/cmake/multi_sensor_interfacesConfig-version.cmake
[1.013s] -- Installing: /home/hanmo/workspace/code/esp32_arduino/extra_packages/install/multi_sensor_interfaces/share/multi_sensor_interfaces/package.xml
[1.014s] Invoked command in '/home/hanmo/workspace/code/esp32_arduino/extra_packages/build/multi_sensor_interfaces' returned '0': CMAKE_PREFIX_PATH=${CMAKE_PREFIX_PATH}:/home/hanmo/workspace/code/dev_ws/install/learning_urdf:/home/hanmo/workspace/code/dev_ws/install/learning_topic:/home/hanmo/workspace/code/dev_ws/install/learning_tf:/home/hanmo/workspace/code/dev_ws/install/learning_service:/home/hanmo/workspace/code/dev_ws/install/learning_qos:/home/hanmo/workspace/code/dev_ws/install/learning_pkg_python:/home/hanmo/workspace/code/dev_ws/install/learning_parameter:/home/hanmo/workspace/code/dev_ws/install/learning_node:/home/hanmo/workspace/code/dev_ws/install/learning_launch:/home/hanmo/workspace/code/dev_ws/install/learning_action:/home/hanmo/workspace/code/dev_ws/install/learning_gazebo:/home/hanmo/workspace/code/dev_ws/install/learning_cv:/opt/ros/humble /usr/bin/cmake --install /home/hanmo/workspace/code/esp32_arduino/extra_packages/build/multi_sensor_interfaces
