[0.008s] Invoking command in '/home/hanmo/workspace/code/esp32_arduino/extra_packages/build/multi_sensor_interfaces': CMAKE_PREFIX_PATH=${CMAKE_PREFIX_PATH}:/home/hanmo/workspace/code/dev_ws/install/learning_urdf:/home/hanmo/workspace/code/dev_ws/install/learning_topic:/home/hanmo/workspace/code/dev_ws/install/learning_tf:/home/hanmo/workspace/code/dev_ws/install/learning_service:/home/hanmo/workspace/code/dev_ws/install/learning_qos:/home/hanmo/workspace/code/dev_ws/install/learning_pkg_python:/home/hanmo/workspace/code/dev_ws/install/learning_parameter:/home/hanmo/workspace/code/dev_ws/install/learning_node:/home/hanmo/workspace/code/dev_ws/install/learning_launch:/home/hanmo/workspace/code/dev_ws/install/learning_action:/home/hanmo/workspace/code/dev_ws/install/learning_gazebo:/home/hanmo/workspace/code/dev_ws/install/learning_cv:/opt/ros/humble /usr/bin/cmake /home/hanmo/workspace/code/esp32_arduino/extra_packages/multi_sensor_interfaces -DCMAKE_INSTALL_PREFIX=/home/hanmo/workspace/code/esp32_arduino/extra_packages/install/multi_sensor_interfaces
[0.051s] -- The C compiler identification is GNU 11.4.0
[0.088s] -- The CXX compiler identification is GNU 11.4.0
[0.093s] -- Detecting C compiler ABI info
[0.157s] -- Detecting C compiler ABI info - done
[0.168s] -- Check for working C compiler: /usr/bin/cc - skipped
[0.168s] -- Detecting C compile features
[0.168s] -- Detecting C compile features - done
[0.171s] -- Detecting CXX compiler ABI info
[0.238s] -- Detecting CXX compiler ABI info - done
[0.243s] -- Check for working CXX compiler: /usr/bin/c++ - skipped
[0.243s] -- Detecting CXX compile features
[0.243s] -- Detecting CXX compile features - done
[0.245s] -- Found ament_cmake: 1.3.11 (/opt/ros/humble/share/ament_cmake/cmake)
[0.363s] -- Found Python3: /usr/bin/python3 (found version "3.10.12") found components: Interpreter 
[0.441s] -- Found ament_lint_auto: 0.12.11 (/opt/ros/humble/share/ament_lint_auto/cmake)
[0.502s] -- Found rosidl_default_generators: 1.2.0 (/opt/ros/humble/share/rosidl_default_generators/cmake)
[0.506s] -- Using all available rosidl_typesupport_c: rosidl_typesupport_fastrtps_c;rosidl_typesupport_introspection_c
[0.513s] -- Found rosidl_adapter: 3.1.6 (/opt/ros/humble/share/rosidl_adapter/cmake)
[0.542s] -- Using all available rosidl_typesupport_cpp: rosidl_typesupport_fastrtps_cpp;rosidl_typesupport_introspection_cpp
[0.658s] [31mCMake Error at /opt/ros/humble/share/rosidl_cmake/cmake/rosidl_generate_interfaces.cmake:229 (message):
[0.658s]   Packages installing interfaces must include
[0.658s]   '<member_of_group>rosidl_interface_packages</member_of_group>' in their
[0.658s]   package.xml
[0.658s] Call Stack (most recent call first):
[0.658s]   CMakeLists.txt:28 (rosidl_generate_interfaces)
[0.658s] 
[0.658s] [0m
[0.658s] -- Configuring incomplete, errors occurred!
[0.658s] See also "/home/hanmo/workspace/code/esp32_arduino/extra_packages/build/multi_sensor_interfaces/CMakeFiles/CMakeOutput.log".
[0.663s] Invoked command in '/home/hanmo/workspace/code/esp32_arduino/extra_packages/build/multi_sensor_interfaces' returned '1': CMAKE_PREFIX_PATH=${CMAKE_PREFIX_PATH}:/home/hanmo/workspace/code/dev_ws/install/learning_urdf:/home/hanmo/workspace/code/dev_ws/install/learning_topic:/home/hanmo/workspace/code/dev_ws/install/learning_tf:/home/hanmo/workspace/code/dev_ws/install/learning_service:/home/hanmo/workspace/code/dev_ws/install/learning_qos:/home/hanmo/workspace/code/dev_ws/install/learning_pkg_python:/home/hanmo/workspace/code/dev_ws/install/learning_parameter:/home/hanmo/workspace/code/dev_ws/install/learning_node:/home/hanmo/workspace/code/dev_ws/install/learning_launch:/home/hanmo/workspace/code/dev_ws/install/learning_action:/home/hanmo/workspace/code/dev_ws/install/learning_gazebo:/home/hanmo/workspace/code/dev_ws/install/learning_cv:/opt/ros/humble /usr/bin/cmake /home/hanmo/workspace/code/esp32_arduino/extra_packages/multi_sensor_interfaces -DCMAKE_INSTALL_PREFIX=/home/hanmo/workspace/code/esp32_arduino/extra_packages/install/multi_sensor_interfaces
