[0.008s] Invoking command in '/home/hanmo/workspace/code/esp32_arduino/extra_packages/build/multi_sensor_interfaces': CMAKE_PREFIX_PATH=${CMAKE_PREFIX_PATH}:/home/hanmo/workspace/code/dev_ws/install/learning_urdf:/home/hanmo/workspace/code/dev_ws/install/learning_topic:/home/hanmo/workspace/code/dev_ws/install/learning_tf:/home/hanmo/workspace/code/dev_ws/install/learning_service:/home/hanmo/workspace/code/dev_ws/install/learning_qos:/home/hanmo/workspace/code/dev_ws/install/learning_pkg_python:/home/hanmo/workspace/code/dev_ws/install/learning_parameter:/home/hanmo/workspace/code/dev_ws/install/learning_node:/home/hanmo/workspace/code/dev_ws/install/learning_launch:/home/hanmo/workspace/code/dev_ws/install/learning_action:/home/hanmo/workspace/code/dev_ws/install/learning_gazebo:/home/hanmo/workspace/code/dev_ws/install/learning_cv:/opt/ros/humble /usr/bin/cmake /home/hanmo/workspace/code/esp32_arduino/extra_packages/multi_sensor_interfaces -DCMAKE_INSTALL_PREFIX=/home/hanmo/workspace/code/esp32_arduino/extra_packages/install/multi_sensor_interfaces
[0.015s] -- Found ament_cmake: 1.3.11 (/opt/ros/humble/share/ament_cmake/cmake)
[0.100s] -- Found ament_lint_auto: 0.12.11 (/opt/ros/humble/share/ament_lint_auto/cmake)
[0.139s] -- Found rosidl_default_generators: 1.2.0 (/opt/ros/humble/share/rosidl_default_generators/cmake)
[0.141s] -- Using all available rosidl_typesupport_c: rosidl_typesupport_fastrtps_c;rosidl_typesupport_introspection_c
[0.143s] -- Found rosidl_adapter: 3.1.6 (/opt/ros/humble/share/rosidl_adapter/cmake)
[0.160s] -- Using all available rosidl_typesupport_cpp: rosidl_typesupport_fastrtps_cpp;rosidl_typesupport_introspection_cpp
[0.300s] -- Found ament_cmake_ros: 0.10.0 (/opt/ros/humble/share/ament_cmake_ros/cmake)
[0.450s] -- Using all available rosidl_typesupport_c: rosidl_typesupport_fastrtps_c;rosidl_typesupport_introspection_c
[0.627s] -- Using all available rosidl_typesupport_cpp: rosidl_typesupport_fastrtps_cpp;rosidl_typesupport_introspection_cpp
[0.647s] -- Found PythonInterp: /usr/bin/python3 (found suitable version "3.10.12", minimum required is "3.6") 
[0.649s] -- Found python_cmake_module: 0.10.0 (/opt/ros/humble/share/python_cmake_module/cmake)
[0.667s] -- Found PythonLibs: /usr/lib/x86_64-linux-gnu/libpython3.10.so (found suitable version "3.10.12", minimum required is "3.5") 
[0.667s] -- Using PYTHON_EXECUTABLE: /usr/bin/python3
[0.668s] -- Using PYTHON_INCLUDE_DIRS: /usr/include/python3.10
[0.668s] -- Using PYTHON_LIBRARIES: /usr/lib/x86_64-linux-gnu/libpython3.10.so
[0.686s] -- Found PythonExtra: .so  
[0.728s] -- Added test 'copyright' to check source files copyright and LICENSE
[0.730s] -- Added test 'lint_cmake' to check CMake code style
[0.731s] -- Added test 'xmllint' to check XML markup files
[0.734s] -- Configuring done
[0.747s] -- Generating done
[0.752s] -- Build files have been written to: /home/hanmo/workspace/code/esp32_arduino/extra_packages/build/multi_sensor_interfaces
[0.758s] Invoked command in '/home/hanmo/workspace/code/esp32_arduino/extra_packages/build/multi_sensor_interfaces' returned '0': CMAKE_PREFIX_PATH=${CMAKE_PREFIX_PATH}:/home/hanmo/workspace/code/dev_ws/install/learning_urdf:/home/hanmo/workspace/code/dev_ws/install/learning_topic:/home/hanmo/workspace/code/dev_ws/install/learning_tf:/home/hanmo/workspace/code/dev_ws/install/learning_service:/home/hanmo/workspace/code/dev_ws/install/learning_qos:/home/hanmo/workspace/code/dev_ws/install/learning_pkg_python:/home/hanmo/workspace/code/dev_ws/install/learning_parameter:/home/hanmo/workspace/code/dev_ws/install/learning_node:/home/hanmo/workspace/code/dev_ws/install/learning_launch:/home/hanmo/workspace/code/dev_ws/install/learning_action:/home/hanmo/workspace/code/dev_ws/install/learning_gazebo:/home/hanmo/workspace/code/dev_ws/install/learning_cv:/opt/ros/humble /usr/bin/cmake /home/hanmo/workspace/code/esp32_arduino/extra_packages/multi_sensor_interfaces -DCMAKE_INSTALL_PREFIX=/home/hanmo/workspace/code/esp32_arduino/extra_packages/install/multi_sensor_interfaces
[0.758s] Invoking command in '/home/hanmo/workspace/code/esp32_arduino/extra_packages/build/multi_sensor_interfaces': CMAKE_PREFIX_PATH=${CMAKE_PREFIX_PATH}:/home/hanmo/workspace/code/dev_ws/install/learning_urdf:/home/hanmo/workspace/code/dev_ws/install/learning_topic:/home/hanmo/workspace/code/dev_ws/install/learning_tf:/home/hanmo/workspace/code/dev_ws/install/learning_service:/home/hanmo/workspace/code/dev_ws/install/learning_qos:/home/hanmo/workspace/code/dev_ws/install/learning_pkg_python:/home/hanmo/workspace/code/dev_ws/install/learning_parameter:/home/hanmo/workspace/code/dev_ws/install/learning_node:/home/hanmo/workspace/code/dev_ws/install/learning_launch:/home/hanmo/workspace/code/dev_ws/install/learning_action:/home/hanmo/workspace/code/dev_ws/install/learning_gazebo:/home/hanmo/workspace/code/dev_ws/install/learning_cv:/opt/ros/humble /usr/bin/cmake --build /home/hanmo/workspace/code/esp32_arduino/extra_packages/build/multi_sensor_interfaces -- -j24 -l24
[0.793s] [  3%] [34m[1mGenerating C code for ROS interfaces[0m
[0.798s] [  6%] [34m[1mGenerating C++ code for ROS interfaces[0m
[0.808s] [  6%] Built target ament_cmake_python_copy_multi_sensor_interfaces
[0.951s] [  6%] Built target multi_sensor_interfaces__cpp
[0.954s] running egg_info
[0.954s] creating multi_sensor_interfaces.egg-info
[0.955s] writing multi_sensor_interfaces.egg-info/PKG-INFO
[0.955s] writing dependency_links to multi_sensor_interfaces.egg-info/dependency_links.txt
[0.955s] writing top-level names to multi_sensor_interfaces.egg-info/top_level.txt
[0.955s] writing manifest file 'multi_sensor_interfaces.egg-info/SOURCES.txt'
[0.956s] reading manifest file 'multi_sensor_interfaces.egg-info/SOURCES.txt'
[0.957s] writing manifest file 'multi_sensor_interfaces.egg-info/SOURCES.txt'
[0.958s] [ 12%] [34m[1mGenerating C++ type support dispatch for ROS interfaces[0m
[0.958s] [ 12%] [32mBuilding C object CMakeFiles/multi_sensor_interfaces__rosidl_generator_c.dir/rosidl_generator_c/multi_sensor_interfaces/srv/detail/multisensor__functions.c.o[0m
[0.961s] [ 16%] [34m[1mGenerating C++ type support for eProsima Fast-RTPS[0m
[0.961s] [ 19%] [34m[1mGenerating C++ introspection for ROS interfaces[0m
[0.975s] [ 19%] Built target ament_cmake_python_build_multi_sensor_interfaces_egg
[1.001s] [ 22%] [32m[1mLinking C shared library libmulti_sensor_interfaces__rosidl_generator_c.so[0m
[1.028s] [ 22%] Built target multi_sensor_interfaces__rosidl_generator_c
[1.038s] [ 29%] [34m[1mGenerating C type support for eProsima Fast-RTPS[0m
[1.038s] [ 29%] [34m[1mGenerating C introspection for ROS interfaces[0m
[1.038s] [ 32%] [34m[1mGenerating C type support dispatch for ROS interfaces[0m
[1.105s] [ 35%] [32mBuilding CXX object CMakeFiles/multi_sensor_interfaces__rosidl_typesupport_cpp.dir/rosidl_typesupport_cpp/multi_sensor_interfaces/srv/multisensor__type_support.cpp.o[0m
[1.121s] [ 38%] [32mBuilding CXX object CMakeFiles/multi_sensor_interfaces__rosidl_typesupport_introspection_cpp.dir/rosidl_typesupport_introspection_cpp/multi_sensor_interfaces/srv/detail/multisensor__type_support.cpp.o[0m
[1.128s] [ 41%] [32mBuilding CXX object CMakeFiles/multi_sensor_interfaces__rosidl_typesupport_fastrtps_cpp.dir/rosidl_typesupport_fastrtps_cpp/multi_sensor_interfaces/srv/detail/dds_fastrtps/multisensor__type_support.cpp.o[0m
[1.188s] [ 45%] [32mBuilding CXX object CMakeFiles/multi_sensor_interfaces__rosidl_typesupport_c.dir/rosidl_typesupport_c/multi_sensor_interfaces/srv/multisensor__type_support.cpp.o[0m
[1.207s] [ 51%] [32mBuilding C object CMakeFiles/multi_sensor_interfaces__rosidl_typesupport_introspection_c.dir/rosidl_typesupport_introspection_c/multi_sensor_interfaces/srv/detail/multisensor__type_support.c.o[0m
[1.207s] [ 51%] [32mBuilding CXX object CMakeFiles/multi_sensor_interfaces__rosidl_typesupport_fastrtps_c.dir/rosidl_typesupport_fastrtps_c/multi_sensor_interfaces/srv/detail/multisensor__type_support_c.cpp.o[0m
[1.214s] [ 54%] [32m[1mLinking CXX shared library libmulti_sensor_interfaces__rosidl_typesupport_c.so[0m
[1.232s] [ 58%] [32m[1mLinking C shared library libmulti_sensor_interfaces__rosidl_typesupport_introspection_c.so[0m
[1.250s] [ 58%] Built target multi_sensor_interfaces__rosidl_typesupport_c
[1.255s] [ 58%] Built target multi_sensor_interfaces__rosidl_typesupport_introspection_c
[1.265s] [ 61%] [32m[1mLinking CXX shared library libmulti_sensor_interfaces__rosidl_typesupport_cpp.so[0m
[1.292s] [ 61%] Built target multi_sensor_interfaces__rosidl_typesupport_cpp
[1.330s] [ 64%] [32m[1mLinking CXX shared library libmulti_sensor_interfaces__rosidl_typesupport_introspection_cpp.so[0m
[1.347s] [ 67%] [32m[1mLinking CXX shared library libmulti_sensor_interfaces__rosidl_typesupport_fastrtps_cpp.so[0m
[1.374s] [ 67%] Built target multi_sensor_interfaces__rosidl_typesupport_introspection_cpp
[1.390s] [ 70%] [32m[1mLinking CXX shared library libmulti_sensor_interfaces__rosidl_typesupport_fastrtps_c.so[0m
[1.394s] [ 70%] Built target multi_sensor_interfaces__rosidl_typesupport_fastrtps_cpp
[1.440s] [ 70%] Built target multi_sensor_interfaces__rosidl_typesupport_fastrtps_c
[1.457s] [ 70%] Built target multi_sensor_interfaces
[1.474s] [ 74%] [34m[1mGenerating Python code for ROS interfaces[0m
[1.670s] [ 74%] Built target multi_sensor_interfaces__py
[1.685s] [ 77%] [32mBuilding C object CMakeFiles/multi_sensor_interfaces__rosidl_generator_py.dir/rosidl_generator_py/multi_sensor_interfaces/srv/_multisensor_s.c.o[0m
[1.744s] [ 80%] [32m[1mLinking C shared library rosidl_generator_py/multi_sensor_interfaces/libmulti_sensor_interfaces__rosidl_generator_py.so[0m
[1.772s] [ 80%] Built target multi_sensor_interfaces__rosidl_generator_py
[1.790s] [ 83%] [32mBuilding C object CMakeFiles/multi_sensor_interfaces__rosidl_typesupport_introspection_c__pyext.dir/rosidl_generator_py/multi_sensor_interfaces/_multi_sensor_interfaces_s.ep.rosidl_typesupport_introspection_c.c.o[0m
[1.791s] [ 90%] [32mBuilding C object CMakeFiles/multi_sensor_interfaces__rosidl_typesupport_fastrtps_c__pyext.dir/rosidl_generator_py/multi_sensor_interfaces/_multi_sensor_interfaces_s.ep.rosidl_typesupport_fastrtps_c.c.o[0m
[1.791s] [ 90%] [32mBuilding C object CMakeFiles/multi_sensor_interfaces__rosidl_typesupport_c__pyext.dir/rosidl_generator_py/multi_sensor_interfaces/_multi_sensor_interfaces_s.ep.rosidl_typesupport_c.c.o[0m
[1.844s] [ 93%] [32m[1mLinking C shared library rosidl_generator_py/multi_sensor_interfaces/multi_sensor_interfaces_s__rosidl_typesupport_introspection_c.cpython-310-x86_64-linux-gnu.so[0m
[1.845s] [ 96%] [32m[1mLinking C shared library rosidl_generator_py/multi_sensor_interfaces/multi_sensor_interfaces_s__rosidl_typesupport_c.cpython-310-x86_64-linux-gnu.so[0m
[1.846s] [100%] [32m[1mLinking C shared library rosidl_generator_py/multi_sensor_interfaces/multi_sensor_interfaces_s__rosidl_typesupport_fastrtps_c.cpython-310-x86_64-linux-gnu.so[0m
[1.873s] [100%] Built target multi_sensor_interfaces__rosidl_typesupport_introspection_c__pyext
[1.873s] [100%] Built target multi_sensor_interfaces__rosidl_typesupport_c__pyext
[1.875s] [100%] Built target multi_sensor_interfaces__rosidl_typesupport_fastrtps_c__pyext
[1.883s] Invoked command in '/home/hanmo/workspace/code/esp32_arduino/extra_packages/build/multi_sensor_interfaces' returned '0': CMAKE_PREFIX_PATH=${CMAKE_PREFIX_PATH}:/home/hanmo/workspace/code/dev_ws/install/learning_urdf:/home/hanmo/workspace/code/dev_ws/install/learning_topic:/home/hanmo/workspace/code/dev_ws/install/learning_tf:/home/hanmo/workspace/code/dev_ws/install/learning_service:/home/hanmo/workspace/code/dev_ws/install/learning_qos:/home/hanmo/workspace/code/dev_ws/install/learning_pkg_python:/home/hanmo/workspace/code/dev_ws/install/learning_parameter:/home/hanmo/workspace/code/dev_ws/install/learning_node:/home/hanmo/workspace/code/dev_ws/install/learning_launch:/home/hanmo/workspace/code/dev_ws/install/learning_action:/home/hanmo/workspace/code/dev_ws/install/learning_gazebo:/home/hanmo/workspace/code/dev_ws/install/learning_cv:/opt/ros/humble /usr/bin/cmake --build /home/hanmo/workspace/code/esp32_arduino/extra_packages/build/multi_sensor_interfaces -- -j24 -l24
[1.890s] Invoking command in '/home/hanmo/workspace/code/esp32_arduino/extra_packages/build/multi_sensor_interfaces': CMAKE_PREFIX_PATH=${CMAKE_PREFIX_PATH}:/home/hanmo/workspace/code/dev_ws/install/learning_urdf:/home/hanmo/workspace/code/dev_ws/install/learning_topic:/home/hanmo/workspace/code/dev_ws/install/learning_tf:/home/hanmo/workspace/code/dev_ws/install/learning_service:/home/hanmo/workspace/code/dev_ws/install/learning_qos:/home/hanmo/workspace/code/dev_ws/install/learning_pkg_python:/home/hanmo/workspace/code/dev_ws/install/learning_parameter:/home/hanmo/workspace/code/dev_ws/install/learning_node:/home/hanmo/workspace/code/dev_ws/install/learning_launch:/home/hanmo/workspace/code/dev_ws/install/learning_action:/home/hanmo/workspace/code/dev_ws/install/learning_gazebo:/home/hanmo/workspace/code/dev_ws/install/learning_cv:/opt/ros/humble /usr/bin/cmake --install /home/hanmo/workspace/code/esp32_arduino/extra_packages/build/multi_sensor_interfaces
[1.897s] -- Install configuration: ""
[1.897s] -- Installing: /home/hanmo/workspace/code/esp32_arduino/extra_packages/install/multi_sensor_interfaces/share/ament_index/resource_index/rosidl_interfaces/multi_sensor_interfaces
[1.897s] -- Installing: /home/hanmo/workspace/code/esp32_arduino/extra_packages/install/multi_sensor_interfaces/include/multi_sensor_interfaces/multi_sensor_interfaces
[1.897s] -- Installing: /home/hanmo/workspace/code/esp32_arduino/extra_packages/install/multi_sensor_interfaces/include/multi_sensor_interfaces/multi_sensor_interfaces/srv
[1.897s] -- Installing: /home/hanmo/workspace/code/esp32_arduino/extra_packages/install/multi_sensor_interfaces/include/multi_sensor_interfaces/multi_sensor_interfaces/srv/detail
[1.897s] -- Installing: /home/hanmo/workspace/code/esp32_arduino/extra_packages/install/multi_sensor_interfaces/include/multi_sensor_interfaces/multi_sensor_interfaces/srv/detail/multisensor__type_support.h
[1.897s] -- Installing: /home/hanmo/workspace/code/esp32_arduino/extra_packages/install/multi_sensor_interfaces/include/multi_sensor_interfaces/multi_sensor_interfaces/srv/detail/multisensor__functions.h
[1.897s] -- Installing: /home/hanmo/workspace/code/esp32_arduino/extra_packages/install/multi_sensor_interfaces/include/multi_sensor_interfaces/multi_sensor_interfaces/srv/detail/multisensor__functions.c
[1.897s] -- Installing: /home/hanmo/workspace/code/esp32_arduino/extra_packages/install/multi_sensor_interfaces/include/multi_sensor_interfaces/multi_sensor_interfaces/srv/detail/multisensor__struct.h
[1.897s] -- Installing: /home/hanmo/workspace/code/esp32_arduino/extra_packages/install/multi_sensor_interfaces/include/multi_sensor_interfaces/multi_sensor_interfaces/srv/multisensor.h
[1.897s] -- Installing: /home/hanmo/workspace/code/esp32_arduino/extra_packages/install/multi_sensor_interfaces/include/multi_sensor_interfaces/multi_sensor_interfaces/msg
[1.897s] -- Installing: /home/hanmo/workspace/code/esp32_arduino/extra_packages/install/multi_sensor_interfaces/include/multi_sensor_interfaces/multi_sensor_interfaces/msg/rosidl_generator_c__visibility_control.h
[1.897s] -- Installing: /home/hanmo/workspace/code/esp32_arduino/extra_packages/install/multi_sensor_interfaces/share/multi_sensor_interfaces/environment/library_path.sh
[1.897s] -- Installing: /home/hanmo/workspace/code/esp32_arduino/extra_packages/install/multi_sensor_interfaces/share/multi_sensor_interfaces/environment/library_path.dsv
[1.897s] -- Installing: /home/hanmo/workspace/code/esp32_arduino/extra_packages/install/multi_sensor_interfaces/lib/libmulti_sensor_interfaces__rosidl_generator_c.so
[1.897s] -- Set runtime path of "/home/hanmo/workspace/code/esp32_arduino/extra_packages/install/multi_sensor_interfaces/lib/libmulti_sensor_interfaces__rosidl_generator_c.so" to ""
[1.898s] -- Up-to-date: /home/hanmo/workspace/code/esp32_arduino/extra_packages/install/multi_sensor_interfaces/include/multi_sensor_interfaces/multi_sensor_interfaces
[1.898s] -- Up-to-date: /home/hanmo/workspace/code/esp32_arduino/extra_packages/install/multi_sensor_interfaces/include/multi_sensor_interfaces/multi_sensor_interfaces/srv
[1.898s] -- Up-to-date: /home/hanmo/workspace/code/esp32_arduino/extra_packages/install/multi_sensor_interfaces/include/multi_sensor_interfaces/multi_sensor_interfaces/srv/detail
[1.898s] -- Installing: /home/hanmo/workspace/code/esp32_arduino/extra_packages/install/multi_sensor_interfaces/include/multi_sensor_interfaces/multi_sensor_interfaces/srv/detail/multisensor__rosidl_typesupport_fastrtps_c.h
[1.898s] -- Up-to-date: /home/hanmo/workspace/code/esp32_arduino/extra_packages/install/multi_sensor_interfaces/include/multi_sensor_interfaces/multi_sensor_interfaces/msg
[1.898s] -- Installing: /home/hanmo/workspace/code/esp32_arduino/extra_packages/install/multi_sensor_interfaces/include/multi_sensor_interfaces/multi_sensor_interfaces/msg/rosidl_typesupport_fastrtps_c__visibility_control.h
[1.898s] -- Installing: /home/hanmo/workspace/code/esp32_arduino/extra_packages/install/multi_sensor_interfaces/lib/libmulti_sensor_interfaces__rosidl_typesupport_fastrtps_c.so
[1.898s] -- Set runtime path of "/home/hanmo/workspace/code/esp32_arduino/extra_packages/install/multi_sensor_interfaces/lib/libmulti_sensor_interfaces__rosidl_typesupport_fastrtps_c.so" to ""
[1.898s] -- Up-to-date: /home/hanmo/workspace/code/esp32_arduino/extra_packages/install/multi_sensor_interfaces/include/multi_sensor_interfaces/multi_sensor_interfaces
[1.898s] -- Up-to-date: /home/hanmo/workspace/code/esp32_arduino/extra_packages/install/multi_sensor_interfaces/include/multi_sensor_interfaces/multi_sensor_interfaces/srv
[1.898s] -- Up-to-date: /home/hanmo/workspace/code/esp32_arduino/extra_packages/install/multi_sensor_interfaces/include/multi_sensor_interfaces/multi_sensor_interfaces/srv/detail
[1.898s] -- Installing: /home/hanmo/workspace/code/esp32_arduino/extra_packages/install/multi_sensor_interfaces/include/multi_sensor_interfaces/multi_sensor_interfaces/srv/detail/multisensor__type_support.c
[1.898s] -- Installing: /home/hanmo/workspace/code/esp32_arduino/extra_packages/install/multi_sensor_interfaces/include/multi_sensor_interfaces/multi_sensor_interfaces/srv/detail/multisensor__rosidl_typesupport_introspection_c.h
[1.898s] -- Up-to-date: /home/hanmo/workspace/code/esp32_arduino/extra_packages/install/multi_sensor_interfaces/include/multi_sensor_interfaces/multi_sensor_interfaces/msg
[1.898s] -- Installing: /home/hanmo/workspace/code/esp32_arduino/extra_packages/install/multi_sensor_interfaces/include/multi_sensor_interfaces/multi_sensor_interfaces/msg/rosidl_typesupport_introspection_c__visibility_control.h
[1.898s] -- Installing: /home/hanmo/workspace/code/esp32_arduino/extra_packages/install/multi_sensor_interfaces/lib/libmulti_sensor_interfaces__rosidl_typesupport_introspection_c.so
[1.898s] -- Set runtime path of "/home/hanmo/workspace/code/esp32_arduino/extra_packages/install/multi_sensor_interfaces/lib/libmulti_sensor_interfaces__rosidl_typesupport_introspection_c.so" to ""
[1.898s] -- Installing: /home/hanmo/workspace/code/esp32_arduino/extra_packages/install/multi_sensor_interfaces/lib/libmulti_sensor_interfaces__rosidl_typesupport_c.so
[1.898s] -- Set runtime path of "/home/hanmo/workspace/code/esp32_arduino/extra_packages/install/multi_sensor_interfaces/lib/libmulti_sensor_interfaces__rosidl_typesupport_c.so" to ""
[1.898s] -- Up-to-date: /home/hanmo/workspace/code/esp32_arduino/extra_packages/install/multi_sensor_interfaces/include/multi_sensor_interfaces/multi_sensor_interfaces
[1.898s] -- Up-to-date: /home/hanmo/workspace/code/esp32_arduino/extra_packages/install/multi_sensor_interfaces/include/multi_sensor_interfaces/multi_sensor_interfaces/srv
[1.898s] -- Installing: /home/hanmo/workspace/code/esp32_arduino/extra_packages/install/multi_sensor_interfaces/include/multi_sensor_interfaces/multi_sensor_interfaces/srv/multisensor.hpp
[1.898s] -- Up-to-date: /home/hanmo/workspace/code/esp32_arduino/extra_packages/install/multi_sensor_interfaces/include/multi_sensor_interfaces/multi_sensor_interfaces/srv/detail
[1.898s] -- Installing: /home/hanmo/workspace/code/esp32_arduino/extra_packages/install/multi_sensor_interfaces/include/multi_sensor_interfaces/multi_sensor_interfaces/srv/detail/multisensor__struct.hpp
[1.898s] -- Installing: /home/hanmo/workspace/code/esp32_arduino/extra_packages/install/multi_sensor_interfaces/include/multi_sensor_interfaces/multi_sensor_interfaces/srv/detail/multisensor__type_support.hpp
[1.898s] -- Installing: /home/hanmo/workspace/code/esp32_arduino/extra_packages/install/multi_sensor_interfaces/include/multi_sensor_interfaces/multi_sensor_interfaces/srv/detail/multisensor__traits.hpp
[1.898s] -- Installing: /home/hanmo/workspace/code/esp32_arduino/extra_packages/install/multi_sensor_interfaces/include/multi_sensor_interfaces/multi_sensor_interfaces/srv/detail/multisensor__builder.hpp
[1.898s] -- Up-to-date: /home/hanmo/workspace/code/esp32_arduino/extra_packages/install/multi_sensor_interfaces/include/multi_sensor_interfaces/multi_sensor_interfaces/msg
[1.898s] -- Installing: /home/hanmo/workspace/code/esp32_arduino/extra_packages/install/multi_sensor_interfaces/include/multi_sensor_interfaces/multi_sensor_interfaces/msg/rosidl_generator_cpp__visibility_control.hpp
[1.898s] -- Up-to-date: /home/hanmo/workspace/code/esp32_arduino/extra_packages/install/multi_sensor_interfaces/include/multi_sensor_interfaces/multi_sensor_interfaces
[1.898s] -- Up-to-date: /home/hanmo/workspace/code/esp32_arduino/extra_packages/install/multi_sensor_interfaces/include/multi_sensor_interfaces/multi_sensor_interfaces/srv
[1.898s] -- Up-to-date: /home/hanmo/workspace/code/esp32_arduino/extra_packages/install/multi_sensor_interfaces/include/multi_sensor_interfaces/multi_sensor_interfaces/srv/detail
[1.899s] -- Installing: /home/hanmo/workspace/code/esp32_arduino/extra_packages/install/multi_sensor_interfaces/include/multi_sensor_interfaces/multi_sensor_interfaces/srv/detail/dds_fastrtps
[1.899s] -- Installing: /home/hanmo/workspace/code/esp32_arduino/extra_packages/install/multi_sensor_interfaces/include/multi_sensor_interfaces/multi_sensor_interfaces/srv/detail/multisensor__rosidl_typesupport_fastrtps_cpp.hpp
[1.899s] -- Up-to-date: /home/hanmo/workspace/code/esp32_arduino/extra_packages/install/multi_sensor_interfaces/include/multi_sensor_interfaces/multi_sensor_interfaces/msg
[1.899s] -- Installing: /home/hanmo/workspace/code/esp32_arduino/extra_packages/install/multi_sensor_interfaces/include/multi_sensor_interfaces/multi_sensor_interfaces/msg/rosidl_typesupport_fastrtps_cpp__visibility_control.h
[1.899s] -- Installing: /home/hanmo/workspace/code/esp32_arduino/extra_packages/install/multi_sensor_interfaces/lib/libmulti_sensor_interfaces__rosidl_typesupport_fastrtps_cpp.so
[1.899s] -- Set runtime path of "/home/hanmo/workspace/code/esp32_arduino/extra_packages/install/multi_sensor_interfaces/lib/libmulti_sensor_interfaces__rosidl_typesupport_fastrtps_cpp.so" to ""
[1.899s] -- Up-to-date: /home/hanmo/workspace/code/esp32_arduino/extra_packages/install/multi_sensor_interfaces/include/multi_sensor_interfaces/multi_sensor_interfaces
[1.899s] -- Up-to-date: /home/hanmo/workspace/code/esp32_arduino/extra_packages/install/multi_sensor_interfaces/include/multi_sensor_interfaces/multi_sensor_interfaces/srv
[1.899s] -- Up-to-date: /home/hanmo/workspace/code/esp32_arduino/extra_packages/install/multi_sensor_interfaces/include/multi_sensor_interfaces/multi_sensor_interfaces/srv/detail
[1.899s] -- Installing: /home/hanmo/workspace/code/esp32_arduino/extra_packages/install/multi_sensor_interfaces/include/multi_sensor_interfaces/multi_sensor_interfaces/srv/detail/multisensor__rosidl_typesupport_introspection_cpp.hpp
[1.899s] -- Installing: /home/hanmo/workspace/code/esp32_arduino/extra_packages/install/multi_sensor_interfaces/include/multi_sensor_interfaces/multi_sensor_interfaces/srv/detail/multisensor__type_support.cpp
[1.899s] -- Installing: /home/hanmo/workspace/code/esp32_arduino/extra_packages/install/multi_sensor_interfaces/lib/libmulti_sensor_interfaces__rosidl_typesupport_introspection_cpp.so
[1.899s] -- Set runtime path of "/home/hanmo/workspace/code/esp32_arduino/extra_packages/install/multi_sensor_interfaces/lib/libmulti_sensor_interfaces__rosidl_typesupport_introspection_cpp.so" to ""
[1.899s] -- Installing: /home/hanmo/workspace/code/esp32_arduino/extra_packages/install/multi_sensor_interfaces/lib/libmulti_sensor_interfaces__rosidl_typesupport_cpp.so
[1.899s] -- Set runtime path of "/home/hanmo/workspace/code/esp32_arduino/extra_packages/install/multi_sensor_interfaces/lib/libmulti_sensor_interfaces__rosidl_typesupport_cpp.so" to ""
[1.899s] -- Installing: /home/hanmo/workspace/code/esp32_arduino/extra_packages/install/multi_sensor_interfaces/share/multi_sensor_interfaces/environment/pythonpath.sh
[1.899s] -- Installing: /home/hanmo/workspace/code/esp32_arduino/extra_packages/install/multi_sensor_interfaces/share/multi_sensor_interfaces/environment/pythonpath.dsv
[1.899s] -- Installing: /home/hanmo/workspace/code/esp32_arduino/extra_packages/install/multi_sensor_interfaces/local/lib/python3.10/dist-packages/multi_sensor_interfaces-0.0.0-py3.10.egg-info
[1.899s] -- Installing: /home/hanmo/workspace/code/esp32_arduino/extra_packages/install/multi_sensor_interfaces/local/lib/python3.10/dist-packages/multi_sensor_interfaces-0.0.0-py3.10.egg-info/SOURCES.txt
[1.899s] -- Installing: /home/hanmo/workspace/code/esp32_arduino/extra_packages/install/multi_sensor_interfaces/local/lib/python3.10/dist-packages/multi_sensor_interfaces-0.0.0-py3.10.egg-info/dependency_links.txt
[1.899s] -- Installing: /home/hanmo/workspace/code/esp32_arduino/extra_packages/install/multi_sensor_interfaces/local/lib/python3.10/dist-packages/multi_sensor_interfaces-0.0.0-py3.10.egg-info/top_level.txt
[1.899s] -- Installing: /home/hanmo/workspace/code/esp32_arduino/extra_packages/install/multi_sensor_interfaces/local/lib/python3.10/dist-packages/multi_sensor_interfaces-0.0.0-py3.10.egg-info/PKG-INFO
[1.899s] -- Installing: /home/hanmo/workspace/code/esp32_arduino/extra_packages/install/multi_sensor_interfaces/local/lib/python3.10/dist-packages/multi_sensor_interfaces
[1.900s] -- Installing: /home/hanmo/workspace/code/esp32_arduino/extra_packages/install/multi_sensor_interfaces/local/lib/python3.10/dist-packages/multi_sensor_interfaces/__init__.py
[1.900s] -- Installing: /home/hanmo/workspace/code/esp32_arduino/extra_packages/install/multi_sensor_interfaces/local/lib/python3.10/dist-packages/multi_sensor_interfaces/libmulti_sensor_interfaces__rosidl_generator_py.so
[1.900s] -- Installing: /home/hanmo/workspace/code/esp32_arduino/extra_packages/install/multi_sensor_interfaces/local/lib/python3.10/dist-packages/multi_sensor_interfaces/_multi_sensor_interfaces_s.ep.rosidl_typesupport_fastrtps_c.c
[1.900s] -- Installing: /home/hanmo/workspace/code/esp32_arduino/extra_packages/install/multi_sensor_interfaces/local/lib/python3.10/dist-packages/multi_sensor_interfaces/srv
[1.900s] -- Installing: /home/hanmo/workspace/code/esp32_arduino/extra_packages/install/multi_sensor_interfaces/local/lib/python3.10/dist-packages/multi_sensor_interfaces/srv/__init__.py
[1.900s] -- Installing: /home/hanmo/workspace/code/esp32_arduino/extra_packages/install/multi_sensor_interfaces/local/lib/python3.10/dist-packages/multi_sensor_interfaces/srv/_multisensor_s.c
[1.900s] -- Installing: /home/hanmo/workspace/code/esp32_arduino/extra_packages/install/multi_sensor_interfaces/local/lib/python3.10/dist-packages/multi_sensor_interfaces/srv/_multisensor.py
[1.900s] -- Installing: /home/hanmo/workspace/code/esp32_arduino/extra_packages/install/multi_sensor_interfaces/local/lib/python3.10/dist-packages/multi_sensor_interfaces/multi_sensor_interfaces_s__rosidl_typesupport_introspection_c.cpython-310-x86_64-linux-gnu.so
[1.900s] -- Installing: /home/hanmo/workspace/code/esp32_arduino/extra_packages/install/multi_sensor_interfaces/local/lib/python3.10/dist-packages/multi_sensor_interfaces/multi_sensor_interfaces_s__rosidl_typesupport_c.cpython-310-x86_64-linux-gnu.so
[1.900s] -- Installing: /home/hanmo/workspace/code/esp32_arduino/extra_packages/install/multi_sensor_interfaces/local/lib/python3.10/dist-packages/multi_sensor_interfaces/_multi_sensor_interfaces_s.ep.rosidl_typesupport_c.c
[1.900s] -- Installing: /home/hanmo/workspace/code/esp32_arduino/extra_packages/install/multi_sensor_interfaces/local/lib/python3.10/dist-packages/multi_sensor_interfaces/multi_sensor_interfaces_s__rosidl_typesupport_fastrtps_c.cpython-310-x86_64-linux-gnu.so
[1.900s] -- Installing: /home/hanmo/workspace/code/esp32_arduino/extra_packages/install/multi_sensor_interfaces/local/lib/python3.10/dist-packages/multi_sensor_interfaces/_multi_sensor_interfaces_s.ep.rosidl_typesupport_introspection_c.c
[1.932s] Listing '/home/hanmo/workspace/code/esp32_arduino/extra_packages/install/multi_sensor_interfaces/local/lib/python3.10/dist-packages/multi_sensor_interfaces'...
[1.932s] Compiling '/home/hanmo/workspace/code/esp32_arduino/extra_packages/install/multi_sensor_interfaces/local/lib/python3.10/dist-packages/multi_sensor_interfaces/__init__.py'...
[1.932s] Listing '/home/hanmo/workspace/code/esp32_arduino/extra_packages/install/multi_sensor_interfaces/local/lib/python3.10/dist-packages/multi_sensor_interfaces/srv'...
[1.932s] Compiling '/home/hanmo/workspace/code/esp32_arduino/extra_packages/install/multi_sensor_interfaces/local/lib/python3.10/dist-packages/multi_sensor_interfaces/srv/__init__.py'...
[1.932s] Compiling '/home/hanmo/workspace/code/esp32_arduino/extra_packages/install/multi_sensor_interfaces/local/lib/python3.10/dist-packages/multi_sensor_interfaces/srv/_multisensor.py'...
[1.935s] -- Installing: /home/hanmo/workspace/code/esp32_arduino/extra_packages/install/multi_sensor_interfaces/local/lib/python3.10/dist-packages/multi_sensor_interfaces/multi_sensor_interfaces_s__rosidl_typesupport_fastrtps_c.cpython-310-x86_64-linux-gnu.so
[1.935s] -- Set runtime path of "/home/hanmo/workspace/code/esp32_arduino/extra_packages/install/multi_sensor_interfaces/local/lib/python3.10/dist-packages/multi_sensor_interfaces/multi_sensor_interfaces_s__rosidl_typesupport_fastrtps_c.cpython-310-x86_64-linux-gnu.so" to ""
[1.935s] -- Installing: /home/hanmo/workspace/code/esp32_arduino/extra_packages/install/multi_sensor_interfaces/local/lib/python3.10/dist-packages/multi_sensor_interfaces/multi_sensor_interfaces_s__rosidl_typesupport_introspection_c.cpython-310-x86_64-linux-gnu.so
[1.935s] -- Set runtime path of "/home/hanmo/workspace/code/esp32_arduino/extra_packages/install/multi_sensor_interfaces/local/lib/python3.10/dist-packages/multi_sensor_interfaces/multi_sensor_interfaces_s__rosidl_typesupport_introspection_c.cpython-310-x86_64-linux-gnu.so" to ""
[1.935s] -- Installing: /home/hanmo/workspace/code/esp32_arduino/extra_packages/install/multi_sensor_interfaces/local/lib/python3.10/dist-packages/multi_sensor_interfaces/multi_sensor_interfaces_s__rosidl_typesupport_c.cpython-310-x86_64-linux-gnu.so
[1.935s] -- Set runtime path of "/home/hanmo/workspace/code/esp32_arduino/extra_packages/install/multi_sensor_interfaces/local/lib/python3.10/dist-packages/multi_sensor_interfaces/multi_sensor_interfaces_s__rosidl_typesupport_c.cpython-310-x86_64-linux-gnu.so" to ""
[1.935s] -- Installing: /home/hanmo/workspace/code/esp32_arduino/extra_packages/install/multi_sensor_interfaces/lib/libmulti_sensor_interfaces__rosidl_generator_py.so
[1.935s] -- Set runtime path of "/home/hanmo/workspace/code/esp32_arduino/extra_packages/install/multi_sensor_interfaces/lib/libmulti_sensor_interfaces__rosidl_generator_py.so" to ""
[1.936s] -- Installing: /home/hanmo/workspace/code/esp32_arduino/extra_packages/install/multi_sensor_interfaces/share/multi_sensor_interfaces/srv/Multisensor.idl
[1.936s] -- Installing: /home/hanmo/workspace/code/esp32_arduino/extra_packages/install/multi_sensor_interfaces/share/multi_sensor_interfaces/srv/Multisensor.srv
[1.936s] -- Installing: /home/hanmo/workspace/code/esp32_arduino/extra_packages/install/multi_sensor_interfaces/share/multi_sensor_interfaces/srv/Multisensor_Request.msg
[1.936s] -- Installing: /home/hanmo/workspace/code/esp32_arduino/extra_packages/install/multi_sensor_interfaces/share/multi_sensor_interfaces/srv/Multisensor_Response.msg
[1.936s] -- Installing: /home/hanmo/workspace/code/esp32_arduino/extra_packages/install/multi_sensor_interfaces/share/ament_index/resource_index/package_run_dependencies/multi_sensor_interfaces
[1.936s] -- Installing: /home/hanmo/workspace/code/esp32_arduino/extra_packages/install/multi_sensor_interfaces/share/ament_index/resource_index/parent_prefix_path/multi_sensor_interfaces
[1.936s] -- Installing: /home/hanmo/workspace/code/esp32_arduino/extra_packages/install/multi_sensor_interfaces/share/multi_sensor_interfaces/environment/ament_prefix_path.sh
[1.936s] -- Installing: /home/hanmo/workspace/code/esp32_arduino/extra_packages/install/multi_sensor_interfaces/share/multi_sensor_interfaces/environment/ament_prefix_path.dsv
[1.936s] -- Installing: /home/hanmo/workspace/code/esp32_arduino/extra_packages/install/multi_sensor_interfaces/share/multi_sensor_interfaces/environment/path.sh
[1.936s] -- Installing: /home/hanmo/workspace/code/esp32_arduino/extra_packages/install/multi_sensor_interfaces/share/multi_sensor_interfaces/environment/path.dsv
[1.936s] -- Installing: /home/hanmo/workspace/code/esp32_arduino/extra_packages/install/multi_sensor_interfaces/share/multi_sensor_interfaces/local_setup.bash
[1.936s] -- Installing: /home/hanmo/workspace/code/esp32_arduino/extra_packages/install/multi_sensor_interfaces/share/multi_sensor_interfaces/local_setup.sh
[1.936s] -- Installing: /home/hanmo/workspace/code/esp32_arduino/extra_packages/install/multi_sensor_interfaces/share/multi_sensor_interfaces/local_setup.zsh
[1.936s] -- Installing: /home/hanmo/workspace/code/esp32_arduino/extra_packages/install/multi_sensor_interfaces/share/multi_sensor_interfaces/local_setup.dsv
[1.936s] -- Installing: /home/hanmo/workspace/code/esp32_arduino/extra_packages/install/multi_sensor_interfaces/share/multi_sensor_interfaces/package.dsv
[1.936s] -- Installing: /home/hanmo/workspace/code/esp32_arduino/extra_packages/install/multi_sensor_interfaces/share/ament_index/resource_index/packages/multi_sensor_interfaces
[1.936s] -- Installing: /home/hanmo/workspace/code/esp32_arduino/extra_packages/install/multi_sensor_interfaces/share/multi_sensor_interfaces/cmake/export_multi_sensor_interfaces__rosidl_generator_cExport.cmake
[1.936s] -- Installing: /home/hanmo/workspace/code/esp32_arduino/extra_packages/install/multi_sensor_interfaces/share/multi_sensor_interfaces/cmake/export_multi_sensor_interfaces__rosidl_generator_cExport-noconfig.cmake
[1.936s] -- Installing: /home/hanmo/workspace/code/esp32_arduino/extra_packages/install/multi_sensor_interfaces/share/multi_sensor_interfaces/cmake/export_multi_sensor_interfaces__rosidl_typesupport_fastrtps_cExport.cmake
[1.936s] -- Installing: /home/hanmo/workspace/code/esp32_arduino/extra_packages/install/multi_sensor_interfaces/share/multi_sensor_interfaces/cmake/export_multi_sensor_interfaces__rosidl_typesupport_fastrtps_cExport-noconfig.cmake
[1.936s] -- Installing: /home/hanmo/workspace/code/esp32_arduino/extra_packages/install/multi_sensor_interfaces/share/multi_sensor_interfaces/cmake/multi_sensor_interfaces__rosidl_typesupport_introspection_cExport.cmake
[1.936s] -- Installing: /home/hanmo/workspace/code/esp32_arduino/extra_packages/install/multi_sensor_interfaces/share/multi_sensor_interfaces/cmake/multi_sensor_interfaces__rosidl_typesupport_introspection_cExport-noconfig.cmake
[1.936s] -- Installing: /home/hanmo/workspace/code/esp32_arduino/extra_packages/install/multi_sensor_interfaces/share/multi_sensor_interfaces/cmake/multi_sensor_interfaces__rosidl_typesupport_cExport.cmake
[1.936s] -- Installing: /home/hanmo/workspace/code/esp32_arduino/extra_packages/install/multi_sensor_interfaces/share/multi_sensor_interfaces/cmake/multi_sensor_interfaces__rosidl_typesupport_cExport-noconfig.cmake
[1.936s] -- Installing: /home/hanmo/workspace/code/esp32_arduino/extra_packages/install/multi_sensor_interfaces/share/multi_sensor_interfaces/cmake/export_multi_sensor_interfaces__rosidl_generator_cppExport.cmake
[1.936s] -- Installing: /home/hanmo/workspace/code/esp32_arduino/extra_packages/install/multi_sensor_interfaces/share/multi_sensor_interfaces/cmake/export_multi_sensor_interfaces__rosidl_typesupport_fastrtps_cppExport.cmake
[1.937s] -- Installing: /home/hanmo/workspace/code/esp32_arduino/extra_packages/install/multi_sensor_interfaces/share/multi_sensor_interfaces/cmake/export_multi_sensor_interfaces__rosidl_typesupport_fastrtps_cppExport-noconfig.cmake
[1.937s] -- Installing: /home/hanmo/workspace/code/esp32_arduino/extra_packages/install/multi_sensor_interfaces/share/multi_sensor_interfaces/cmake/multi_sensor_interfaces__rosidl_typesupport_introspection_cppExport.cmake
[1.937s] -- Installing: /home/hanmo/workspace/code/esp32_arduino/extra_packages/install/multi_sensor_interfaces/share/multi_sensor_interfaces/cmake/multi_sensor_interfaces__rosidl_typesupport_introspection_cppExport-noconfig.cmake
[1.937s] -- Installing: /home/hanmo/workspace/code/esp32_arduino/extra_packages/install/multi_sensor_interfaces/share/multi_sensor_interfaces/cmake/multi_sensor_interfaces__rosidl_typesupport_cppExport.cmake
[1.937s] -- Installing: /home/hanmo/workspace/code/esp32_arduino/extra_packages/install/multi_sensor_interfaces/share/multi_sensor_interfaces/cmake/multi_sensor_interfaces__rosidl_typesupport_cppExport-noconfig.cmake
[1.937s] -- Installing: /home/hanmo/workspace/code/esp32_arduino/extra_packages/install/multi_sensor_interfaces/share/multi_sensor_interfaces/cmake/export_multi_sensor_interfaces__rosidl_generator_pyExport.cmake
[1.937s] -- Installing: /home/hanmo/workspace/code/esp32_arduino/extra_packages/install/multi_sensor_interfaces/share/multi_sensor_interfaces/cmake/export_multi_sensor_interfaces__rosidl_generator_pyExport-noconfig.cmake
[1.937s] -- Installing: /home/hanmo/workspace/code/esp32_arduino/extra_packages/install/multi_sensor_interfaces/share/multi_sensor_interfaces/cmake/rosidl_cmake-extras.cmake
[1.937s] -- Installing: /home/hanmo/workspace/code/esp32_arduino/extra_packages/install/multi_sensor_interfaces/share/multi_sensor_interfaces/cmake/ament_cmake_export_include_directories-extras.cmake
[1.937s] -- Installing: /home/hanmo/workspace/code/esp32_arduino/extra_packages/install/multi_sensor_interfaces/share/multi_sensor_interfaces/cmake/ament_cmake_export_libraries-extras.cmake
[1.937s] -- Installing: /home/hanmo/workspace/code/esp32_arduino/extra_packages/install/multi_sensor_interfaces/share/multi_sensor_interfaces/cmake/ament_cmake_export_targets-extras.cmake
[1.937s] -- Installing: /home/hanmo/workspace/code/esp32_arduino/extra_packages/install/multi_sensor_interfaces/share/multi_sensor_interfaces/cmake/rosidl_cmake_export_typesupport_targets-extras.cmake
[1.937s] -- Installing: /home/hanmo/workspace/code/esp32_arduino/extra_packages/install/multi_sensor_interfaces/share/multi_sensor_interfaces/cmake/ament_cmake_export_dependencies-extras.cmake
[1.937s] -- Installing: /home/hanmo/workspace/code/esp32_arduino/extra_packages/install/multi_sensor_interfaces/share/multi_sensor_interfaces/cmake/rosidl_cmake_export_typesupport_libraries-extras.cmake
[1.937s] -- Installing: /home/hanmo/workspace/code/esp32_arduino/extra_packages/install/multi_sensor_interfaces/share/multi_sensor_interfaces/cmake/multi_sensor_interfacesConfig.cmake
[1.937s] -- Installing: /home/hanmo/workspace/code/esp32_arduino/extra_packages/install/multi_sensor_interfaces/share/multi_sensor_interfaces/cmake/multi_sensor_interfacesConfig-version.cmake
[1.937s] -- Installing: /home/hanmo/workspace/code/esp32_arduino/extra_packages/install/multi_sensor_interfaces/share/multi_sensor_interfaces/package.xml
[1.939s] Invoked command in '/home/hanmo/workspace/code/esp32_arduino/extra_packages/build/multi_sensor_interfaces' returned '0': CMAKE_PREFIX_PATH=${CMAKE_PREFIX_PATH}:/home/hanmo/workspace/code/dev_ws/install/learning_urdf:/home/hanmo/workspace/code/dev_ws/install/learning_topic:/home/hanmo/workspace/code/dev_ws/install/learning_tf:/home/hanmo/workspace/code/dev_ws/install/learning_service:/home/hanmo/workspace/code/dev_ws/install/learning_qos:/home/hanmo/workspace/code/dev_ws/install/learning_pkg_python:/home/hanmo/workspace/code/dev_ws/install/learning_parameter:/home/hanmo/workspace/code/dev_ws/install/learning_node:/home/hanmo/workspace/code/dev_ws/install/learning_launch:/home/hanmo/workspace/code/dev_ws/install/learning_action:/home/hanmo/workspace/code/dev_ws/install/learning_gazebo:/home/hanmo/workspace/code/dev_ws/install/learning_cv:/opt/ros/humble /usr/bin/cmake --install /home/hanmo/workspace/code/esp32_arduino/extra_packages/build/multi_sensor_interfaces
