[0.008s] Invoking command in '/home/hanmo/workspace/code/esp32_arduino/extra_packages/build/multi_sensor_interfaces': CMAKE_PREFIX_PATH=${CMAKE_PREFIX_PATH}:/home/hanmo/workspace/code/dev_ws/install/learning_urdf:/home/hanmo/workspace/code/dev_ws/install/learning_topic:/home/hanmo/workspace/code/dev_ws/install/learning_tf:/home/hanmo/workspace/code/dev_ws/install/learning_service:/home/hanmo/workspace/code/dev_ws/install/learning_qos:/home/hanmo/workspace/code/dev_ws/install/learning_pkg_python:/home/hanmo/workspace/code/dev_ws/install/learning_parameter:/home/hanmo/workspace/code/dev_ws/install/learning_node:/home/hanmo/workspace/code/dev_ws/install/learning_launch:/home/hanmo/workspace/code/dev_ws/install/learning_action:/home/hanmo/workspace/code/dev_ws/install/learning_gazebo:/home/hanmo/workspace/code/dev_ws/install/learning_cv:/opt/ros/humble /usr/bin/cmake --build /home/hanmo/workspace/code/esp32_arduino/extra_packages/build/multi_sensor_interfaces -- -j24 -l24
[0.026s] -- Found ament_cmake: 1.3.11 (/opt/ros/humble/share/ament_cmake/cmake)
[0.126s] -- Found ament_lint_auto: 0.12.11 (/opt/ros/humble/share/ament_lint_auto/cmake)
[0.167s] -- Found rosidl_default_generators: 1.2.0 (/opt/ros/humble/share/rosidl_default_generators/cmake)
[0.169s] -- Using all available rosidl_typesupport_c: rosidl_typesupport_fastrtps_c;rosidl_typesupport_introspection_c
[0.170s] -- Found rosidl_adapter: 3.1.6 (/opt/ros/humble/share/rosidl_adapter/cmake)
[0.188s] -- Using all available rosidl_typesupport_cpp: rosidl_typesupport_fastrtps_cpp;rosidl_typesupport_introspection_cpp
[0.321s] -- Found ament_cmake_ros: 0.10.0 (/opt/ros/humble/share/ament_cmake_ros/cmake)
[0.445s] -- Using all available rosidl_typesupport_c: rosidl_typesupport_fastrtps_c;rosidl_typesupport_introspection_c
[0.615s] -- Using all available rosidl_typesupport_cpp: rosidl_typesupport_fastrtps_cpp;rosidl_typesupport_introspection_cpp
[0.630s] -- Found python_cmake_module: 0.10.0 (/opt/ros/humble/share/python_cmake_module/cmake)
[0.645s] -- Using PYTHON_EXECUTABLE: /usr/bin/python3
[0.645s] -- Using PYTHON_INCLUDE_DIRS: /usr/include/python3.10
[0.645s] -- Using PYTHON_LIBRARIES: /usr/lib/x86_64-linux-gnu/libpython3.10.so
[0.654s] -- Added test 'copyright' to check source files copyright and LICENSE
[0.655s] -- Added test 'lint_cmake' to check CMake code style
[0.656s] -- Added test 'xmllint' to check XML markup files
[0.657s] -- Configuring done
[0.670s] -- Generating done
[0.675s] -- Build files have been written to: /home/hanmo/workspace/code/esp32_arduino/extra_packages/build/multi_sensor_interfaces
[0.696s] [35m[1mConsolidate compiler generated dependencies of target multi_sensor_interfaces__rosidl_generator_c[0m
[0.704s] [  3%] Built target multi_sensor_interfaces__cpp
[0.705s] [ 12%] Built target multi_sensor_interfaces__rosidl_generator_c
[0.711s] [35m[1mConsolidate compiler generated dependencies of target multi_sensor_interfaces__rosidl_typesupport_introspection_cpp[0m
[0.712s] [ 12%] Built target ament_cmake_python_copy_multi_sensor_interfaces
[0.712s] [35m[1mConsolidate compiler generated dependencies of target multi_sensor_interfaces__rosidl_typesupport_introspection_c[0m
[0.712s] [35m[1mConsolidate compiler generated dependencies of target multi_sensor_interfaces__rosidl_typesupport_c[0m
[0.712s] [35m[1mConsolidate compiler generated dependencies of target multi_sensor_interfaces__rosidl_typesupport_cpp[0m
[0.713s] [35m[1mConsolidate compiler generated dependencies of target multi_sensor_interfaces__rosidl_typesupport_fastrtps_c[0m
[0.715s] [35m[1mConsolidate compiler generated dependencies of target multi_sensor_interfaces__rosidl_typesupport_fastrtps_cpp[0m
[0.723s] [ 22%] Built target multi_sensor_interfaces__rosidl_typesupport_fastrtps_c
[0.723s] [ 32%] Built target multi_sensor_interfaces__rosidl_typesupport_c
[0.725s] [ 41%] Built target multi_sensor_interfaces__rosidl_typesupport_fastrtps_cpp
[0.726s] [ 51%] Built target multi_sensor_interfaces__rosidl_typesupport_introspection_c
[0.726s] [ 61%] Built target multi_sensor_interfaces__rosidl_typesupport_introspection_cpp
[0.727s] [ 70%] Built target multi_sensor_interfaces__rosidl_typesupport_cpp
[0.741s] [ 70%] Built target multi_sensor_interfaces
[0.756s] [ 74%] Built target multi_sensor_interfaces__py
[0.765s] [35m[1mConsolidate compiler generated dependencies of target multi_sensor_interfaces__rosidl_generator_py[0m
[0.775s] [ 80%] Built target multi_sensor_interfaces__rosidl_generator_py
[0.784s] [35m[1mConsolidate compiler generated dependencies of target multi_sensor_interfaces__rosidl_typesupport_fastrtps_c__pyext[0m
[0.784s] [35m[1mConsolidate compiler generated dependencies of target multi_sensor_interfaces__rosidl_typesupport_introspection_c__pyext[0m
[0.784s] [35m[1mConsolidate compiler generated dependencies of target multi_sensor_interfaces__rosidl_typesupport_c__pyext[0m
[0.793s] [ 87%] Built target multi_sensor_interfaces__rosidl_typesupport_fastrtps_c__pyext
[0.794s] [ 93%] Built target multi_sensor_interfaces__rosidl_typesupport_introspection_c__pyext
[0.795s] [100%] Built target multi_sensor_interfaces__rosidl_typesupport_c__pyext
[0.858s] running egg_info
[0.858s] writing multi_sensor_interfaces.egg-info/PKG-INFO
[0.858s] writing dependency_links to multi_sensor_interfaces.egg-info/dependency_links.txt
[0.858s] writing top-level names to multi_sensor_interfaces.egg-info/top_level.txt
[0.860s] reading manifest file 'multi_sensor_interfaces.egg-info/SOURCES.txt'
[0.860s] writing manifest file 'multi_sensor_interfaces.egg-info/SOURCES.txt'
[0.878s] [100%] Built target ament_cmake_python_build_multi_sensor_interfaces_egg
[0.885s] Invoked command in '/home/hanmo/workspace/code/esp32_arduino/extra_packages/build/multi_sensor_interfaces' returned '0': CMAKE_PREFIX_PATH=${CMAKE_PREFIX_PATH}:/home/hanmo/workspace/code/dev_ws/install/learning_urdf:/home/hanmo/workspace/code/dev_ws/install/learning_topic:/home/hanmo/workspace/code/dev_ws/install/learning_tf:/home/hanmo/workspace/code/dev_ws/install/learning_service:/home/hanmo/workspace/code/dev_ws/install/learning_qos:/home/hanmo/workspace/code/dev_ws/install/learning_pkg_python:/home/hanmo/workspace/code/dev_ws/install/learning_parameter:/home/hanmo/workspace/code/dev_ws/install/learning_node:/home/hanmo/workspace/code/dev_ws/install/learning_launch:/home/hanmo/workspace/code/dev_ws/install/learning_action:/home/hanmo/workspace/code/dev_ws/install/learning_gazebo:/home/hanmo/workspace/code/dev_ws/install/learning_cv:/opt/ros/humble /usr/bin/cmake --build /home/hanmo/workspace/code/esp32_arduino/extra_packages/build/multi_sensor_interfaces -- -j24 -l24
[0.892s] Invoking command in '/home/hanmo/workspace/code/esp32_arduino/extra_packages/build/multi_sensor_interfaces': CMAKE_PREFIX_PATH=${CMAKE_PREFIX_PATH}:/home/hanmo/workspace/code/dev_ws/install/learning_urdf:/home/hanmo/workspace/code/dev_ws/install/learning_topic:/home/hanmo/workspace/code/dev_ws/install/learning_tf:/home/hanmo/workspace/code/dev_ws/install/learning_service:/home/hanmo/workspace/code/dev_ws/install/learning_qos:/home/hanmo/workspace/code/dev_ws/install/learning_pkg_python:/home/hanmo/workspace/code/dev_ws/install/learning_parameter:/home/hanmo/workspace/code/dev_ws/install/learning_node:/home/hanmo/workspace/code/dev_ws/install/learning_launch:/home/hanmo/workspace/code/dev_ws/install/learning_action:/home/hanmo/workspace/code/dev_ws/install/learning_gazebo:/home/hanmo/workspace/code/dev_ws/install/learning_cv:/opt/ros/humble /usr/bin/cmake --install /home/hanmo/workspace/code/esp32_arduino/extra_packages/build/multi_sensor_interfaces
[0.898s] -- Install configuration: ""
[0.898s] -- Up-to-date: /home/hanmo/workspace/code/esp32_arduino/extra_packages/install/multi_sensor_interfaces/share/ament_index/resource_index/rosidl_interfaces/multi_sensor_interfaces
[0.898s] -- Up-to-date: /home/hanmo/workspace/code/esp32_arduino/extra_packages/install/multi_sensor_interfaces/include/multi_sensor_interfaces/multi_sensor_interfaces
[0.898s] -- Up-to-date: /home/hanmo/workspace/code/esp32_arduino/extra_packages/install/multi_sensor_interfaces/include/multi_sensor_interfaces/multi_sensor_interfaces/srv
[0.898s] -- Up-to-date: /home/hanmo/workspace/code/esp32_arduino/extra_packages/install/multi_sensor_interfaces/include/multi_sensor_interfaces/multi_sensor_interfaces/srv/detail
[0.898s] -- Up-to-date: /home/hanmo/workspace/code/esp32_arduino/extra_packages/install/multi_sensor_interfaces/include/multi_sensor_interfaces/multi_sensor_interfaces/srv/detail/multisensor__type_support.h
[0.898s] -- Up-to-date: /home/hanmo/workspace/code/esp32_arduino/extra_packages/install/multi_sensor_interfaces/include/multi_sensor_interfaces/multi_sensor_interfaces/srv/detail/multisensor__functions.h
[0.898s] -- Up-to-date: /home/hanmo/workspace/code/esp32_arduino/extra_packages/install/multi_sensor_interfaces/include/multi_sensor_interfaces/multi_sensor_interfaces/srv/detail/multisensor__functions.c
[0.898s] -- Up-to-date: /home/hanmo/workspace/code/esp32_arduino/extra_packages/install/multi_sensor_interfaces/include/multi_sensor_interfaces/multi_sensor_interfaces/srv/detail/multisensor__struct.h
[0.898s] -- Up-to-date: /home/hanmo/workspace/code/esp32_arduino/extra_packages/install/multi_sensor_interfaces/include/multi_sensor_interfaces/multi_sensor_interfaces/srv/multisensor.h
[0.899s] -- Up-to-date: /home/hanmo/workspace/code/esp32_arduino/extra_packages/install/multi_sensor_interfaces/include/multi_sensor_interfaces/multi_sensor_interfaces/msg
[0.899s] -- Up-to-date: /home/hanmo/workspace/code/esp32_arduino/extra_packages/install/multi_sensor_interfaces/include/multi_sensor_interfaces/multi_sensor_interfaces/msg/rosidl_generator_c__visibility_control.h
[0.899s] -- Up-to-date: /home/hanmo/workspace/code/esp32_arduino/extra_packages/install/multi_sensor_interfaces/share/multi_sensor_interfaces/environment/library_path.sh
[0.899s] -- Installing: /home/hanmo/workspace/code/esp32_arduino/extra_packages/install/multi_sensor_interfaces/share/multi_sensor_interfaces/environment/library_path.dsv
[0.899s] -- Up-to-date: /home/hanmo/workspace/code/esp32_arduino/extra_packages/install/multi_sensor_interfaces/lib/libmulti_sensor_interfaces__rosidl_generator_c.so
[0.899s] -- Up-to-date: /home/hanmo/workspace/code/esp32_arduino/extra_packages/install/multi_sensor_interfaces/include/multi_sensor_interfaces/multi_sensor_interfaces
[0.899s] -- Up-to-date: /home/hanmo/workspace/code/esp32_arduino/extra_packages/install/multi_sensor_interfaces/include/multi_sensor_interfaces/multi_sensor_interfaces/srv
[0.899s] -- Up-to-date: /home/hanmo/workspace/code/esp32_arduino/extra_packages/install/multi_sensor_interfaces/include/multi_sensor_interfaces/multi_sensor_interfaces/srv/detail
[0.899s] -- Up-to-date: /home/hanmo/workspace/code/esp32_arduino/extra_packages/install/multi_sensor_interfaces/include/multi_sensor_interfaces/multi_sensor_interfaces/srv/detail/multisensor__rosidl_typesupport_fastrtps_c.h
[0.899s] -- Up-to-date: /home/hanmo/workspace/code/esp32_arduino/extra_packages/install/multi_sensor_interfaces/include/multi_sensor_interfaces/multi_sensor_interfaces/msg
[0.899s] -- Up-to-date: /home/hanmo/workspace/code/esp32_arduino/extra_packages/install/multi_sensor_interfaces/include/multi_sensor_interfaces/multi_sensor_interfaces/msg/rosidl_typesupport_fastrtps_c__visibility_control.h
[0.899s] -- Up-to-date: /home/hanmo/workspace/code/esp32_arduino/extra_packages/install/multi_sensor_interfaces/lib/libmulti_sensor_interfaces__rosidl_typesupport_fastrtps_c.so
[0.899s] -- Up-to-date: /home/hanmo/workspace/code/esp32_arduino/extra_packages/install/multi_sensor_interfaces/include/multi_sensor_interfaces/multi_sensor_interfaces
[0.899s] -- Up-to-date: /home/hanmo/workspace/code/esp32_arduino/extra_packages/install/multi_sensor_interfaces/include/multi_sensor_interfaces/multi_sensor_interfaces/srv
[0.899s] -- Up-to-date: /home/hanmo/workspace/code/esp32_arduino/extra_packages/install/multi_sensor_interfaces/include/multi_sensor_interfaces/multi_sensor_interfaces/srv/detail
[0.899s] -- Up-to-date: /home/hanmo/workspace/code/esp32_arduino/extra_packages/install/multi_sensor_interfaces/include/multi_sensor_interfaces/multi_sensor_interfaces/srv/detail/multisensor__type_support.c
[0.899s] -- Up-to-date: /home/hanmo/workspace/code/esp32_arduino/extra_packages/install/multi_sensor_interfaces/include/multi_sensor_interfaces/multi_sensor_interfaces/srv/detail/multisensor__rosidl_typesupport_introspection_c.h
[0.899s] -- Up-to-date: /home/hanmo/workspace/code/esp32_arduino/extra_packages/install/multi_sensor_interfaces/include/multi_sensor_interfaces/multi_sensor_interfaces/msg
[0.899s] -- Up-to-date: /home/hanmo/workspace/code/esp32_arduino/extra_packages/install/multi_sensor_interfaces/include/multi_sensor_interfaces/multi_sensor_interfaces/msg/rosidl_typesupport_introspection_c__visibility_control.h
[0.899s] -- Up-to-date: /home/hanmo/workspace/code/esp32_arduino/extra_packages/install/multi_sensor_interfaces/lib/libmulti_sensor_interfaces__rosidl_typesupport_introspection_c.so
[0.899s] -- Up-to-date: /home/hanmo/workspace/code/esp32_arduino/extra_packages/install/multi_sensor_interfaces/lib/libmulti_sensor_interfaces__rosidl_typesupport_c.so
[0.899s] -- Up-to-date: /home/hanmo/workspace/code/esp32_arduino/extra_packages/install/multi_sensor_interfaces/include/multi_sensor_interfaces/multi_sensor_interfaces
[0.899s] -- Up-to-date: /home/hanmo/workspace/code/esp32_arduino/extra_packages/install/multi_sensor_interfaces/include/multi_sensor_interfaces/multi_sensor_interfaces/srv
[0.899s] -- Up-to-date: /home/hanmo/workspace/code/esp32_arduino/extra_packages/install/multi_sensor_interfaces/include/multi_sensor_interfaces/multi_sensor_interfaces/srv/multisensor.hpp
[0.899s] -- Up-to-date: /home/hanmo/workspace/code/esp32_arduino/extra_packages/install/multi_sensor_interfaces/include/multi_sensor_interfaces/multi_sensor_interfaces/srv/detail
[0.899s] -- Up-to-date: /home/hanmo/workspace/code/esp32_arduino/extra_packages/install/multi_sensor_interfaces/include/multi_sensor_interfaces/multi_sensor_interfaces/srv/detail/multisensor__struct.hpp
[0.899s] -- Up-to-date: /home/hanmo/workspace/code/esp32_arduino/extra_packages/install/multi_sensor_interfaces/include/multi_sensor_interfaces/multi_sensor_interfaces/srv/detail/multisensor__type_support.hpp
[0.899s] -- Up-to-date: /home/hanmo/workspace/code/esp32_arduino/extra_packages/install/multi_sensor_interfaces/include/multi_sensor_interfaces/multi_sensor_interfaces/srv/detail/multisensor__traits.hpp
[0.899s] -- Up-to-date: /home/hanmo/workspace/code/esp32_arduino/extra_packages/install/multi_sensor_interfaces/include/multi_sensor_interfaces/multi_sensor_interfaces/srv/detail/multisensor__builder.hpp
[0.899s] -- Up-to-date: /home/hanmo/workspace/code/esp32_arduino/extra_packages/install/multi_sensor_interfaces/include/multi_sensor_interfaces/multi_sensor_interfaces/msg
[0.899s] -- Up-to-date: /home/hanmo/workspace/code/esp32_arduino/extra_packages/install/multi_sensor_interfaces/include/multi_sensor_interfaces/multi_sensor_interfaces/msg/rosidl_generator_cpp__visibility_control.hpp
[0.899s] -- Up-to-date: /home/hanmo/workspace/code/esp32_arduino/extra_packages/install/multi_sensor_interfaces/include/multi_sensor_interfaces/multi_sensor_interfaces
[0.900s] -- Up-to-date: /home/hanmo/workspace/code/esp32_arduino/extra_packages/install/multi_sensor_interfaces/include/multi_sensor_interfaces/multi_sensor_interfaces/srv
[0.900s] -- Up-to-date: /home/hanmo/workspace/code/esp32_arduino/extra_packages/install/multi_sensor_interfaces/include/multi_sensor_interfaces/multi_sensor_interfaces/srv/detail
[0.900s] -- Up-to-date: /home/hanmo/workspace/code/esp32_arduino/extra_packages/install/multi_sensor_interfaces/include/multi_sensor_interfaces/multi_sensor_interfaces/srv/detail/dds_fastrtps
[0.900s] -- Up-to-date: /home/hanmo/workspace/code/esp32_arduino/extra_packages/install/multi_sensor_interfaces/include/multi_sensor_interfaces/multi_sensor_interfaces/srv/detail/multisensor__rosidl_typesupport_fastrtps_cpp.hpp
[0.900s] -- Up-to-date: /home/hanmo/workspace/code/esp32_arduino/extra_packages/install/multi_sensor_interfaces/include/multi_sensor_interfaces/multi_sensor_interfaces/msg
[0.900s] -- Up-to-date: /home/hanmo/workspace/code/esp32_arduino/extra_packages/install/multi_sensor_interfaces/include/multi_sensor_interfaces/multi_sensor_interfaces/msg/rosidl_typesupport_fastrtps_cpp__visibility_control.h
[0.900s] -- Up-to-date: /home/hanmo/workspace/code/esp32_arduino/extra_packages/install/multi_sensor_interfaces/lib/libmulti_sensor_interfaces__rosidl_typesupport_fastrtps_cpp.so
[0.900s] -- Up-to-date: /home/hanmo/workspace/code/esp32_arduino/extra_packages/install/multi_sensor_interfaces/include/multi_sensor_interfaces/multi_sensor_interfaces
[0.900s] -- Up-to-date: /home/hanmo/workspace/code/esp32_arduino/extra_packages/install/multi_sensor_interfaces/include/multi_sensor_interfaces/multi_sensor_interfaces/srv
[0.900s] -- Up-to-date: /home/hanmo/workspace/code/esp32_arduino/extra_packages/install/multi_sensor_interfaces/include/multi_sensor_interfaces/multi_sensor_interfaces/srv/detail
[0.900s] -- Up-to-date: /home/hanmo/workspace/code/esp32_arduino/extra_packages/install/multi_sensor_interfaces/include/multi_sensor_interfaces/multi_sensor_interfaces/srv/detail/multisensor__rosidl_typesupport_introspection_cpp.hpp
[0.900s] -- Up-to-date: /home/hanmo/workspace/code/esp32_arduino/extra_packages/install/multi_sensor_interfaces/include/multi_sensor_interfaces/multi_sensor_interfaces/srv/detail/multisensor__type_support.cpp
[0.900s] -- Up-to-date: /home/hanmo/workspace/code/esp32_arduino/extra_packages/install/multi_sensor_interfaces/lib/libmulti_sensor_interfaces__rosidl_typesupport_introspection_cpp.so
[0.900s] -- Up-to-date: /home/hanmo/workspace/code/esp32_arduino/extra_packages/install/multi_sensor_interfaces/lib/libmulti_sensor_interfaces__rosidl_typesupport_cpp.so
[0.900s] -- Up-to-date: /home/hanmo/workspace/code/esp32_arduino/extra_packages/install/multi_sensor_interfaces/share/multi_sensor_interfaces/environment/pythonpath.sh
[0.900s] -- Installing: /home/hanmo/workspace/code/esp32_arduino/extra_packages/install/multi_sensor_interfaces/share/multi_sensor_interfaces/environment/pythonpath.dsv
[0.900s] -- Up-to-date: /home/hanmo/workspace/code/esp32_arduino/extra_packages/install/multi_sensor_interfaces/local/lib/python3.10/dist-packages/multi_sensor_interfaces-0.0.0-py3.10.egg-info
[0.900s] -- Installing: /home/hanmo/workspace/code/esp32_arduino/extra_packages/install/multi_sensor_interfaces/local/lib/python3.10/dist-packages/multi_sensor_interfaces-0.0.0-py3.10.egg-info/SOURCES.txt
[0.900s] -- Installing: /home/hanmo/workspace/code/esp32_arduino/extra_packages/install/multi_sensor_interfaces/local/lib/python3.10/dist-packages/multi_sensor_interfaces-0.0.0-py3.10.egg-info/dependency_links.txt
[0.900s] -- Installing: /home/hanmo/workspace/code/esp32_arduino/extra_packages/install/multi_sensor_interfaces/local/lib/python3.10/dist-packages/multi_sensor_interfaces-0.0.0-py3.10.egg-info/top_level.txt
[0.900s] -- Installing: /home/hanmo/workspace/code/esp32_arduino/extra_packages/install/multi_sensor_interfaces/local/lib/python3.10/dist-packages/multi_sensor_interfaces-0.0.0-py3.10.egg-info/PKG-INFO
[0.900s] -- Up-to-date: /home/hanmo/workspace/code/esp32_arduino/extra_packages/install/multi_sensor_interfaces/local/lib/python3.10/dist-packages/multi_sensor_interfaces
[0.900s] -- Installing: /home/hanmo/workspace/code/esp32_arduino/extra_packages/install/multi_sensor_interfaces/local/lib/python3.10/dist-packages/multi_sensor_interfaces/__init__.py
[0.900s] -- Up-to-date: /home/hanmo/workspace/code/esp32_arduino/extra_packages/install/multi_sensor_interfaces/local/lib/python3.10/dist-packages/multi_sensor_interfaces/libmulti_sensor_interfaces__rosidl_generator_py.so
[0.900s] -- Up-to-date: /home/hanmo/workspace/code/esp32_arduino/extra_packages/install/multi_sensor_interfaces/local/lib/python3.10/dist-packages/multi_sensor_interfaces/_multi_sensor_interfaces_s.ep.rosidl_typesupport_fastrtps_c.c
[0.900s] -- Up-to-date: /home/hanmo/workspace/code/esp32_arduino/extra_packages/install/multi_sensor_interfaces/local/lib/python3.10/dist-packages/multi_sensor_interfaces/srv
[0.900s] -- Up-to-date: /home/hanmo/workspace/code/esp32_arduino/extra_packages/install/multi_sensor_interfaces/local/lib/python3.10/dist-packages/multi_sensor_interfaces/srv/__init__.py
[0.900s] -- Up-to-date: /home/hanmo/workspace/code/esp32_arduino/extra_packages/install/multi_sensor_interfaces/local/lib/python3.10/dist-packages/multi_sensor_interfaces/srv/_multisensor_s.c
[0.900s] -- Up-to-date: /home/hanmo/workspace/code/esp32_arduino/extra_packages/install/multi_sensor_interfaces/local/lib/python3.10/dist-packages/multi_sensor_interfaces/srv/_multisensor.py
[0.900s] -- Up-to-date: /home/hanmo/workspace/code/esp32_arduino/extra_packages/install/multi_sensor_interfaces/local/lib/python3.10/dist-packages/multi_sensor_interfaces/multi_sensor_interfaces_s__rosidl_typesupport_introspection_c.cpython-310-x86_64-linux-gnu.so
[0.900s] -- Up-to-date: /home/hanmo/workspace/code/esp32_arduino/extra_packages/install/multi_sensor_interfaces/local/lib/python3.10/dist-packages/multi_sensor_interfaces/multi_sensor_interfaces_s__rosidl_typesupport_c.cpython-310-x86_64-linux-gnu.so
[0.900s] -- Up-to-date: /home/hanmo/workspace/code/esp32_arduino/extra_packages/install/multi_sensor_interfaces/local/lib/python3.10/dist-packages/multi_sensor_interfaces/_multi_sensor_interfaces_s.ep.rosidl_typesupport_c.c
[0.900s] -- Up-to-date: /home/hanmo/workspace/code/esp32_arduino/extra_packages/install/multi_sensor_interfaces/local/lib/python3.10/dist-packages/multi_sensor_interfaces/multi_sensor_interfaces_s__rosidl_typesupport_fastrtps_c.cpython-310-x86_64-linux-gnu.so
[0.900s] -- Up-to-date: /home/hanmo/workspace/code/esp32_arduino/extra_packages/install/multi_sensor_interfaces/local/lib/python3.10/dist-packages/multi_sensor_interfaces/_multi_sensor_interfaces_s.ep.rosidl_typesupport_introspection_c.c
[0.922s] Listing '/home/hanmo/workspace/code/esp32_arduino/extra_packages/install/multi_sensor_interfaces/local/lib/python3.10/dist-packages/multi_sensor_interfaces'...
[0.922s] Compiling '/home/hanmo/workspace/code/esp32_arduino/extra_packages/install/multi_sensor_interfaces/local/lib/python3.10/dist-packages/multi_sensor_interfaces/__init__.py'...
[0.922s] Listing '/home/hanmo/workspace/code/esp32_arduino/extra_packages/install/multi_sensor_interfaces/local/lib/python3.10/dist-packages/multi_sensor_interfaces/srv'...
[0.925s] -- Up-to-date: /home/hanmo/workspace/code/esp32_arduino/extra_packages/install/multi_sensor_interfaces/local/lib/python3.10/dist-packages/multi_sensor_interfaces/multi_sensor_interfaces_s__rosidl_typesupport_fastrtps_c.cpython-310-x86_64-linux-gnu.so
[0.925s] -- Up-to-date: /home/hanmo/workspace/code/esp32_arduino/extra_packages/install/multi_sensor_interfaces/local/lib/python3.10/dist-packages/multi_sensor_interfaces/multi_sensor_interfaces_s__rosidl_typesupport_introspection_c.cpython-310-x86_64-linux-gnu.so
[0.925s] -- Up-to-date: /home/hanmo/workspace/code/esp32_arduino/extra_packages/install/multi_sensor_interfaces/local/lib/python3.10/dist-packages/multi_sensor_interfaces/multi_sensor_interfaces_s__rosidl_typesupport_c.cpython-310-x86_64-linux-gnu.so
[0.925s] -- Up-to-date: /home/hanmo/workspace/code/esp32_arduino/extra_packages/install/multi_sensor_interfaces/lib/libmulti_sensor_interfaces__rosidl_generator_py.so
[0.925s] -- Up-to-date: /home/hanmo/workspace/code/esp32_arduino/extra_packages/install/multi_sensor_interfaces/share/multi_sensor_interfaces/srv/Multisensor.idl
[0.925s] -- Up-to-date: /home/hanmo/workspace/code/esp32_arduino/extra_packages/install/multi_sensor_interfaces/share/multi_sensor_interfaces/srv/Multisensor.srv
[0.925s] -- Up-to-date: /home/hanmo/workspace/code/esp32_arduino/extra_packages/install/multi_sensor_interfaces/share/multi_sensor_interfaces/srv/Multisensor_Request.msg
[0.925s] -- Up-to-date: /home/hanmo/workspace/code/esp32_arduino/extra_packages/install/multi_sensor_interfaces/share/multi_sensor_interfaces/srv/Multisensor_Response.msg
[0.925s] -- Up-to-date: /home/hanmo/workspace/code/esp32_arduino/extra_packages/install/multi_sensor_interfaces/share/ament_index/resource_index/package_run_dependencies/multi_sensor_interfaces
[0.925s] -- Up-to-date: /home/hanmo/workspace/code/esp32_arduino/extra_packages/install/multi_sensor_interfaces/share/ament_index/resource_index/parent_prefix_path/multi_sensor_interfaces
[0.925s] -- Up-to-date: /home/hanmo/workspace/code/esp32_arduino/extra_packages/install/multi_sensor_interfaces/share/multi_sensor_interfaces/environment/ament_prefix_path.sh
[0.925s] -- Installing: /home/hanmo/workspace/code/esp32_arduino/extra_packages/install/multi_sensor_interfaces/share/multi_sensor_interfaces/environment/ament_prefix_path.dsv
[0.926s] -- Up-to-date: /home/hanmo/workspace/code/esp32_arduino/extra_packages/install/multi_sensor_interfaces/share/multi_sensor_interfaces/environment/path.sh
[0.926s] -- Installing: /home/hanmo/workspace/code/esp32_arduino/extra_packages/install/multi_sensor_interfaces/share/multi_sensor_interfaces/environment/path.dsv
[0.926s] -- Up-to-date: /home/hanmo/workspace/code/esp32_arduino/extra_packages/install/multi_sensor_interfaces/share/multi_sensor_interfaces/local_setup.bash
[0.926s] -- Up-to-date: /home/hanmo/workspace/code/esp32_arduino/extra_packages/install/multi_sensor_interfaces/share/multi_sensor_interfaces/local_setup.sh
[0.926s] -- Up-to-date: /home/hanmo/workspace/code/esp32_arduino/extra_packages/install/multi_sensor_interfaces/share/multi_sensor_interfaces/local_setup.zsh
[0.926s] -- Installing: /home/hanmo/workspace/code/esp32_arduino/extra_packages/install/multi_sensor_interfaces/share/multi_sensor_interfaces/local_setup.dsv
[0.926s] -- Installing: /home/hanmo/workspace/code/esp32_arduino/extra_packages/install/multi_sensor_interfaces/share/multi_sensor_interfaces/package.dsv
[0.926s] -- Up-to-date: /home/hanmo/workspace/code/esp32_arduino/extra_packages/install/multi_sensor_interfaces/share/ament_index/resource_index/packages/multi_sensor_interfaces
[0.926s] -- Up-to-date: /home/hanmo/workspace/code/esp32_arduino/extra_packages/install/multi_sensor_interfaces/share/multi_sensor_interfaces/cmake/export_multi_sensor_interfaces__rosidl_generator_cExport.cmake
[0.926s] -- Up-to-date: /home/hanmo/workspace/code/esp32_arduino/extra_packages/install/multi_sensor_interfaces/share/multi_sensor_interfaces/cmake/export_multi_sensor_interfaces__rosidl_generator_cExport-noconfig.cmake
[0.926s] -- Up-to-date: /home/hanmo/workspace/code/esp32_arduino/extra_packages/install/multi_sensor_interfaces/share/multi_sensor_interfaces/cmake/export_multi_sensor_interfaces__rosidl_typesupport_fastrtps_cExport.cmake
[0.926s] -- Up-to-date: /home/hanmo/workspace/code/esp32_arduino/extra_packages/install/multi_sensor_interfaces/share/multi_sensor_interfaces/cmake/export_multi_sensor_interfaces__rosidl_typesupport_fastrtps_cExport-noconfig.cmake
[0.926s] -- Up-to-date: /home/hanmo/workspace/code/esp32_arduino/extra_packages/install/multi_sensor_interfaces/share/multi_sensor_interfaces/cmake/multi_sensor_interfaces__rosidl_typesupport_introspection_cExport.cmake
[0.926s] -- Up-to-date: /home/hanmo/workspace/code/esp32_arduino/extra_packages/install/multi_sensor_interfaces/share/multi_sensor_interfaces/cmake/multi_sensor_interfaces__rosidl_typesupport_introspection_cExport-noconfig.cmake
[0.926s] -- Up-to-date: /home/hanmo/workspace/code/esp32_arduino/extra_packages/install/multi_sensor_interfaces/share/multi_sensor_interfaces/cmake/multi_sensor_interfaces__rosidl_typesupport_cExport.cmake
[0.926s] -- Up-to-date: /home/hanmo/workspace/code/esp32_arduino/extra_packages/install/multi_sensor_interfaces/share/multi_sensor_interfaces/cmake/multi_sensor_interfaces__rosidl_typesupport_cExport-noconfig.cmake
[0.926s] -- Up-to-date: /home/hanmo/workspace/code/esp32_arduino/extra_packages/install/multi_sensor_interfaces/share/multi_sensor_interfaces/cmake/export_multi_sensor_interfaces__rosidl_generator_cppExport.cmake
[0.926s] -- Up-to-date: /home/hanmo/workspace/code/esp32_arduino/extra_packages/install/multi_sensor_interfaces/share/multi_sensor_interfaces/cmake/export_multi_sensor_interfaces__rosidl_typesupport_fastrtps_cppExport.cmake
[0.926s] -- Up-to-date: /home/hanmo/workspace/code/esp32_arduino/extra_packages/install/multi_sensor_interfaces/share/multi_sensor_interfaces/cmake/export_multi_sensor_interfaces__rosidl_typesupport_fastrtps_cppExport-noconfig.cmake
[0.926s] -- Up-to-date: /home/hanmo/workspace/code/esp32_arduino/extra_packages/install/multi_sensor_interfaces/share/multi_sensor_interfaces/cmake/multi_sensor_interfaces__rosidl_typesupport_introspection_cppExport.cmake
[0.926s] -- Up-to-date: /home/hanmo/workspace/code/esp32_arduino/extra_packages/install/multi_sensor_interfaces/share/multi_sensor_interfaces/cmake/multi_sensor_interfaces__rosidl_typesupport_introspection_cppExport-noconfig.cmake
[0.926s] -- Up-to-date: /home/hanmo/workspace/code/esp32_arduino/extra_packages/install/multi_sensor_interfaces/share/multi_sensor_interfaces/cmake/multi_sensor_interfaces__rosidl_typesupport_cppExport.cmake
[0.926s] -- Up-to-date: /home/hanmo/workspace/code/esp32_arduino/extra_packages/install/multi_sensor_interfaces/share/multi_sensor_interfaces/cmake/multi_sensor_interfaces__rosidl_typesupport_cppExport-noconfig.cmake
[0.926s] -- Up-to-date: /home/hanmo/workspace/code/esp32_arduino/extra_packages/install/multi_sensor_interfaces/share/multi_sensor_interfaces/cmake/export_multi_sensor_interfaces__rosidl_generator_pyExport.cmake
[0.926s] -- Up-to-date: /home/hanmo/workspace/code/esp32_arduino/extra_packages/install/multi_sensor_interfaces/share/multi_sensor_interfaces/cmake/export_multi_sensor_interfaces__rosidl_generator_pyExport-noconfig.cmake
[0.926s] -- Up-to-date: /home/hanmo/workspace/code/esp32_arduino/extra_packages/install/multi_sensor_interfaces/share/multi_sensor_interfaces/cmake/rosidl_cmake-extras.cmake
[0.926s] -- Up-to-date: /home/hanmo/workspace/code/esp32_arduino/extra_packages/install/multi_sensor_interfaces/share/multi_sensor_interfaces/cmake/ament_cmake_export_include_directories-extras.cmake
[0.926s] -- Up-to-date: /home/hanmo/workspace/code/esp32_arduino/extra_packages/install/multi_sensor_interfaces/share/multi_sensor_interfaces/cmake/ament_cmake_export_libraries-extras.cmake
[0.926s] -- Up-to-date: /home/hanmo/workspace/code/esp32_arduino/extra_packages/install/multi_sensor_interfaces/share/multi_sensor_interfaces/cmake/ament_cmake_export_targets-extras.cmake
[0.927s] -- Up-to-date: /home/hanmo/workspace/code/esp32_arduino/extra_packages/install/multi_sensor_interfaces/share/multi_sensor_interfaces/cmake/rosidl_cmake_export_typesupport_targets-extras.cmake
[0.927s] -- Up-to-date: /home/hanmo/workspace/code/esp32_arduino/extra_packages/install/multi_sensor_interfaces/share/multi_sensor_interfaces/cmake/ament_cmake_export_dependencies-extras.cmake
[0.927s] -- Up-to-date: /home/hanmo/workspace/code/esp32_arduino/extra_packages/install/multi_sensor_interfaces/share/multi_sensor_interfaces/cmake/rosidl_cmake_export_typesupport_libraries-extras.cmake
[0.927s] -- Up-to-date: /home/hanmo/workspace/code/esp32_arduino/extra_packages/install/multi_sensor_interfaces/share/multi_sensor_interfaces/cmake/multi_sensor_interfacesConfig.cmake
[0.927s] -- Up-to-date: /home/hanmo/workspace/code/esp32_arduino/extra_packages/install/multi_sensor_interfaces/share/multi_sensor_interfaces/cmake/multi_sensor_interfacesConfig-version.cmake
[0.927s] -- Up-to-date: /home/hanmo/workspace/code/esp32_arduino/extra_packages/install/multi_sensor_interfaces/share/multi_sensor_interfaces/package.xml
[0.928s] Invoked command in '/home/hanmo/workspace/code/esp32_arduino/extra_packages/build/multi_sensor_interfaces' returned '0': CMAKE_PREFIX_PATH=${CMAKE_PREFIX_PATH}:/home/hanmo/workspace/code/dev_ws/install/learning_urdf:/home/hanmo/workspace/code/dev_ws/install/learning_topic:/home/hanmo/workspace/code/dev_ws/install/learning_tf:/home/hanmo/workspace/code/dev_ws/install/learning_service:/home/hanmo/workspace/code/dev_ws/install/learning_qos:/home/hanmo/workspace/code/dev_ws/install/learning_pkg_python:/home/hanmo/workspace/code/dev_ws/install/learning_parameter:/home/hanmo/workspace/code/dev_ws/install/learning_node:/home/hanmo/workspace/code/dev_ws/install/learning_launch:/home/hanmo/workspace/code/dev_ws/install/learning_action:/home/hanmo/workspace/code/dev_ws/install/learning_gazebo:/home/hanmo/workspace/code/dev_ws/install/learning_cv:/opt/ros/humble /usr/bin/cmake --install /home/hanmo/workspace/code/esp32_arduino/extra_packages/build/multi_sensor_interfaces
